<?xml version="1.0" encoding="UTF-8" ?>
<testsuite errors="0" failures="0" hostname="gleb_nt" name="org.GleBlassUSA.HitTest" skipped="0" tests="3" time="0.111" timestamp="2025-05-09T15:58:32">
  <properties>
[...]
</properties>
  <testcase classname="org.GleBlassUSA.HitTest" name="calc_whenTrn" time="0.0" />
  <testcase classname="org.GleBlassUSA.HitTest" name="calc_whenRect" time="0.0" />
  <testcase classname="org.GleBlassUSA.HitTest" name="calc_whenSect" time="0.0" />
  <system-out><![CDATA[]]></system-out>
  <system-err><![CDATA[]]></system-err>
</testsuite>
