<?xml version="1.0" encoding="UTF-8"?>
<testsuite name="org.GleBlassUSA.HibernateExampleTest" tests="4" skipped="0" failures="0" errors="0" timestamp="2024-12-11T18:22:39" hostname="ARTEM" time="0.593">
  <properties/>
  <testcase name="add()" classname="org.GleBlassUSA.HibernateExampleTest" time="0.226"/>
  <testcase name="add2()" classname="org.GleBlassUSA.HibernateExampleTest" time="0.006"/>
  <testcase name="add3()" classname="org.GleBlassUSA.HibernateExampleTest" time="0.011"/>
  <testcase name="clear()" classname="org.GleBlassUSA.HibernateExampleTest" time="0.34"/>
  <system-out><![CDATA[2024-12-11 21:22:36 [Test worker] DEBUG org.jboss.logging - Logging Provider: org.jboss.logging.Slf4jLoggerProvider
2024-12-11 21:22:36 [Test worker] DEBUG o.h.i.internal.IntegratorServiceImpl - Adding Integrator [org.hibernate.boot.beanvalidation.BeanValidationIntegrator].
2024-12-11 21:22:36 [Test worker] DEBUG o.h.i.internal.IntegratorServiceImpl - Adding Integrator [org.hibernate.cache.internal.CollectionCacheInvalidator].
2024-12-11 21:22:36 [Test worker] INFO  org.hibernate.Version - HHH000412: Hibernate ORM core version 6.6.1.Final
2024-12-11 21:22:36 [Test worker] DEBUG org.hibernate.cfg.Environment - HHH000206: 'hibernate.properties' not found
2024-12-11 21:22:36 [Test worker] DEBUG o.h.b.j.i.s.LocalXmlResourceResolver - Checking public/system identifiers `-//Hibernate/Hibernate Configuration DTD 3.0//EN`/`http://www.hibernate.org/dtd/hibernate-configuration-3.0.dtd` as DTD references
2024-12-11 21:22:36 [Test worker] DEBUG o.h.b.c.internal.JaxbCfgProcessor - cfg.xml document did not define namespaces; wrapping in custom event reader to introduce namespace information
2024-12-11 21:22:36 [Test worker] DEBUG org.hibernate.orm.idgen.factory - Ignoring CDI for resolving IdentifierGenerator instances as extended or delayed CDI support was enabled
2024-12-11 21:22:36 [Test worker] DEBUG org.hibernate.orm.idgen.factory - Registering IdentifierGenerator strategy [uuid2] -> [org.hibernate.id.UUIDGenerator]
2024-12-11 21:22:36 [Test worker] DEBUG org.hibernate.orm.idgen.factory - Registering IdentifierGenerator strategy [guid] -> [org.hibernate.id.GUIDGenerator]
2024-12-11 21:22:36 [Test worker] DEBUG org.hibernate.orm.idgen.factory - Registering IdentifierGenerator strategy [uuid] -> [org.hibernate.id.UUIDHexGenerator]
2024-12-11 21:22:36 [Test worker] DEBUG org.hibernate.orm.idgen.factory - Registering IdentifierGenerator strategy [uuid.hex] -> [org.hibernate.id.UUIDHexGenerator]
2024-12-11 21:22:36 [Test worker] DEBUG org.hibernate.orm.idgen.factory - Registering IdentifierGenerator strategy [assigned] -> [org.hibernate.id.Assigned]
2024-12-11 21:22:36 [Test worker] DEBUG org.hibernate.orm.idgen.factory - Registering IdentifierGenerator strategy [identity] -> [org.hibernate.id.IdentityGenerator]
2024-12-11 21:22:36 [Test worker] DEBUG org.hibernate.orm.idgen.factory - Registering IdentifierGenerator strategy [select] -> [org.hibernate.id.SelectGenerator]
2024-12-11 21:22:36 [Test worker] DEBUG org.hibernate.orm.idgen.factory - Registering IdentifierGenerator strategy [sequence] -> [org.hibernate.id.enhanced.SequenceStyleGenerator]
2024-12-11 21:22:36 [Test worker] DEBUG org.hibernate.orm.idgen.factory - Registering IdentifierGenerator strategy [increment] -> [org.hibernate.id.IncrementGenerator]
2024-12-11 21:22:36 [Test worker] DEBUG org.hibernate.orm.idgen.factory - Registering IdentifierGenerator strategy [foreign] -> [org.hibernate.id.ForeignGenerator]
2024-12-11 21:22:36 [Test worker] DEBUG org.hibernate.orm.idgen.factory - Registering IdentifierGenerator strategy [enhanced-sequence] -> [org.hibernate.id.enhanced.SequenceStyleGenerator]
2024-12-11 21:22:36 [Test worker] DEBUG org.hibernate.orm.idgen.factory - Registering IdentifierGenerator strategy [enhanced-table] -> [org.hibernate.id.enhanced.TableGenerator]
2024-12-11 21:22:37 [Test worker] DEBUG o.h.c.i.RegionFactoryInitiator - Cannot default RegionFactory based on registered strategies as `[]` RegionFactory strategies were registered
2024-12-11 21:22:37 [Test worker] INFO  o.h.c.i.RegionFactoryInitiator - HHH000026: Second-level cache disabled
2024-12-11 21:22:37 [Test worker] DEBUG o.hibernate.type.BasicTypeRegistry - Adding type registration boolean -> org.hibernate.type.BasicTypeReference@1eaf1e62
2024-12-11 21:22:37 [Test worker] DEBUG o.hibernate.type.BasicTypeRegistry - Adding type registration boolean -> org.hibernate.type.BasicTypeReference@1eaf1e62
2024-12-11 21:22:37 [Test worker] DEBUG o.hibernate.type.BasicTypeRegistry - Adding type registration java.lang.Boolean -> org.hibernate.type.BasicTypeReference@1eaf1e62
2024-12-11 21:22:37 [Test worker] DEBUG o.hibernate.type.BasicTypeRegistry - Adding type registration numeric_boolean -> org.hibernate.type.BasicTypeReference@c81fd12
2024-12-11 21:22:37 [Test worker] DEBUG o.hibernate.type.BasicTypeRegistry - Adding type registration org.hibernate.type.NumericBooleanConverter -> org.hibernate.type.BasicTypeReference@c81fd12
2024-12-11 21:22:37 [Test worker] DEBUG o.hibernate.type.BasicTypeRegistry - Adding type registration true_false -> org.hibernate.type.BasicTypeReference@62e6a3ec
2024-12-11 21:22:37 [Test worker] DEBUG o.hibernate.type.BasicTypeRegistry - Adding type registration org.hibernate.type.TrueFalseConverter -> org.hibernate.type.BasicTypeReference@62e6a3ec
2024-12-11 21:22:37 [Test worker] DEBUG o.hibernate.type.BasicTypeRegistry - Adding type registration yes_no -> org.hibernate.type.BasicTypeReference@5754de72
2024-12-11 21:22:37 [Test worker] DEBUG o.hibernate.type.BasicTypeRegistry - Adding type registration org.hibernate.type.YesNoConverter -> org.hibernate.type.BasicTypeReference@5754de72
2024-12-11 21:22:37 [Test worker] DEBUG o.hibernate.type.BasicTypeRegistry - Adding type registration byte -> org.hibernate.type.BasicTypeReference@31ee96f4
2024-12-11 21:22:37 [Test worker] DEBUG o.hibernate.type.BasicTypeRegistry - Adding type registration byte -> org.hibernate.type.BasicTypeReference@31ee96f4
2024-12-11 21:22:37 [Test worker] DEBUG o.hibernate.type.BasicTypeRegistry - Adding type registration java.lang.Byte -> org.hibernate.type.BasicTypeReference@31ee96f4
2024-12-11 21:22:37 [Test worker] DEBUG o.hibernate.type.BasicTypeRegistry - Adding type registration binary -> org.hibernate.type.BasicTypeReference@320494b6
2024-12-11 21:22:37 [Test worker] DEBUG o.hibernate.type.BasicTypeRegistry - Adding type registration byte[] -> org.hibernate.type.BasicTypeReference@320494b6
2024-12-11 21:22:37 [Test worker] DEBUG o.hibernate.type.BasicTypeRegistry - Adding type registration [B -> org.hibernate.type.BasicTypeReference@320494b6
2024-12-11 21:22:37 [Test worker] DEBUG o.hibernate.type.BasicTypeRegistry - Adding type registration binary_wrapper -> org.hibernate.type.BasicTypeReference@652ab8d9
2024-12-11 21:22:37 [Test worker] DEBUG o.hibernate.type.BasicTypeRegistry - Adding type registration wrapper-binary -> org.hibernate.type.BasicTypeReference@652ab8d9
2024-12-11 21:22:37 [Test worker] DEBUG o.hibernate.type.BasicTypeRegistry - Adding type registration image -> org.hibernate.type.BasicTypeReference@14fc5d40
2024-12-11 21:22:37 [Test worker] DEBUG o.hibernate.type.BasicTypeRegistry - Adding type registration blob -> org.hibernate.type.BasicTypeReference@51e0301d
2024-12-11 21:22:37 [Test worker] DEBUG o.hibernate.type.BasicTypeRegistry - Adding type registration java.sql.Blob -> org.hibernate.type.BasicTypeReference@51e0301d
2024-12-11 21:22:37 [Test worker] DEBUG o.hibernate.type.BasicTypeRegistry - Adding type registration materialized_blob -> org.hibernate.type.BasicTypeReference@47d7bfb3
2024-12-11 21:22:37 [Test worker] DEBUG o.hibernate.type.BasicTypeRegistry - Adding type registration materialized_blob_wrapper -> org.hibernate.type.BasicTypeReference@770b3be0
2024-12-11 21:22:37 [Test worker] DEBUG o.hibernate.type.BasicTypeRegistry - Adding type registration short -> org.hibernate.type.BasicTypeReference@1eb6e1c
2024-12-11 21:22:37 [Test worker] DEBUG o.hibernate.type.BasicTypeRegistry - Adding type registration short -> org.hibernate.type.BasicTypeReference@1eb6e1c
2024-12-11 21:22:37 [Test worker] DEBUG o.hibernate.type.BasicTypeRegistry - Adding type registration java.lang.Short -> org.hibernate.type.BasicTypeReference@1eb6e1c
2024-12-11 21:22:37 [Test worker] DEBUG o.hibernate.type.BasicTypeRegistry - Adding type registration integer -> org.hibernate.type.BasicTypeReference@51dbd6e4
2024-12-11 21:22:37 [Test worker] DEBUG o.hibernate.type.BasicTypeRegistry - Adding type registration int -> org.hibernate.type.BasicTypeReference@51dbd6e4
2024-12-11 21:22:37 [Test worker] DEBUG o.hibernate.type.BasicTypeRegistry - Adding type registration java.lang.Integer -> org.hibernate.type.BasicTypeReference@51dbd6e4
2024-12-11 21:22:37 [Test worker] DEBUG o.hibernate.type.BasicTypeRegistry - Adding type registration long -> org.hibernate.type.BasicTypeReference@2b8bd14b
2024-12-11 21:22:37 [Test worker] DEBUG o.hibernate.type.BasicTypeRegistry - Adding type registration long -> org.hibernate.type.BasicTypeReference@2b8bd14b
2024-12-11 21:22:37 [Test worker] DEBUG o.hibernate.type.BasicTypeRegistry - Adding type registration java.lang.Long -> org.hibernate.type.BasicTypeReference@2b8bd14b
2024-12-11 21:22:37 [Test worker] DEBUG o.hibernate.type.BasicTypeRegistry - Adding type registration float -> org.hibernate.type.BasicTypeReference@5f13be1
2024-12-11 21:22:37 [Test worker] DEBUG o.hibernate.type.BasicTypeRegistry - Adding type registration float -> org.hibernate.type.BasicTypeReference@5f13be1
2024-12-11 21:22:37 [Test worker] DEBUG o.hibernate.type.BasicTypeRegistry - Adding type registration java.lang.Float -> org.hibernate.type.BasicTypeReference@5f13be1
2024-12-11 21:22:37 [Test worker] DEBUG o.hibernate.type.BasicTypeRegistry - Adding type registration double -> org.hibernate.type.BasicTypeReference@5f303ecd
2024-12-11 21:22:37 [Test worker] DEBUG o.hibernate.type.BasicTypeRegistry - Adding type registration double -> org.hibernate.type.BasicTypeReference@5f303ecd
2024-12-11 21:22:37 [Test worker] DEBUG o.hibernate.type.BasicTypeRegistry - Adding type registration java.lang.Double -> org.hibernate.type.BasicTypeReference@5f303ecd
2024-12-11 21:22:37 [Test worker] DEBUG o.hibernate.type.BasicTypeRegistry - Adding type registration big_integer -> org.hibernate.type.BasicTypeReference@50d3bf39
2024-12-11 21:22:37 [Test worker] DEBUG o.hibernate.type.BasicTypeRegistry - Adding type registration java.math.BigInteger -> org.hibernate.type.BasicTypeReference@50d3bf39
2024-12-11 21:22:37 [Test worker] DEBUG o.hibernate.type.BasicTypeRegistry - Adding type registration big_decimal -> org.hibernate.type.BasicTypeReference@25a73de1
2024-12-11 21:22:37 [Test worker] DEBUG o.hibernate.type.BasicTypeRegistry - Adding type registration java.math.BigDecimal -> org.hibernate.type.BasicTypeReference@25a73de1
2024-12-11 21:22:37 [Test worker] DEBUG o.hibernate.type.BasicTypeRegistry - Adding type registration character -> org.hibernate.type.BasicTypeReference@29852487
2024-12-11 21:22:37 [Test worker] DEBUG o.hibernate.type.BasicTypeRegistry - Adding type registration char -> org.hibernate.type.BasicTypeReference@29852487
2024-12-11 21:22:37 [Test worker] DEBUG o.hibernate.type.BasicTypeRegistry - Adding type registration java.lang.Character -> org.hibernate.type.BasicTypeReference@29852487
2024-12-11 21:22:37 [Test worker] DEBUG o.hibernate.type.BasicTypeRegistry - Adding type registration character_nchar -> org.hibernate.type.BasicTypeReference@771db12c
2024-12-11 21:22:37 [Test worker] DEBUG o.hibernate.type.BasicTypeRegistry - Adding type registration string -> org.hibernate.type.BasicTypeReference@3afae281
2024-12-11 21:22:37 [Test worker] DEBUG o.hibernate.type.BasicTypeRegistry - Adding type registration java.lang.String -> org.hibernate.type.BasicTypeReference@3afae281
2024-12-11 21:22:37 [Test worker] DEBUG o.hibernate.type.BasicTypeRegistry - Adding type registration nstring -> org.hibernate.type.BasicTypeReference@26ae880a
2024-12-11 21:22:37 [Test worker] DEBUG o.hibernate.type.BasicTypeRegistry - Adding type registration characters -> org.hibernate.type.BasicTypeReference@260f2144
2024-12-11 21:22:37 [Test worker] DEBUG o.hibernate.type.BasicTypeRegistry - Adding type registration char[] -> org.hibernate.type.BasicTypeReference@260f2144
2024-12-11 21:22:37 [Test worker] DEBUG o.hibernate.type.BasicTypeRegistry - Adding type registration [C -> org.hibernate.type.BasicTypeReference@260f2144
2024-12-11 21:22:37 [Test worker] DEBUG o.hibernate.type.BasicTypeRegistry - Adding type registration wrapper-characters -> org.hibernate.type.BasicTypeReference@3c017078
2024-12-11 21:22:37 [Test worker] DEBUG o.hibernate.type.BasicTypeRegistry - Adding type registration text -> org.hibernate.type.BasicTypeReference@51827393
2024-12-11 21:22:37 [Test worker] DEBUG o.hibernate.type.BasicTypeRegistry - Adding type registration ntext -> org.hibernate.type.BasicTypeReference@3be4f71
2024-12-11 21:22:37 [Test worker] DEBUG o.hibernate.type.BasicTypeRegistry - Adding type registration clob -> org.hibernate.type.BasicTypeReference@5c645b43
2024-12-11 21:22:37 [Test worker] DEBUG o.hibernate.type.BasicTypeRegistry - Adding type registration java.sql.Clob -> org.hibernate.type.BasicTypeReference@5c645b43
2024-12-11 21:22:37 [Test worker] DEBUG o.hibernate.type.BasicTypeRegistry - Adding type registration nclob -> org.hibernate.type.BasicTypeReference@6bd16207
2024-12-11 21:22:37 [Test worker] DEBUG o.hibernate.type.BasicTypeRegistry - Adding type registration java.sql.NClob -> org.hibernate.type.BasicTypeReference@6bd16207
2024-12-11 21:22:37 [Test worker] DEBUG o.hibernate.type.BasicTypeRegistry - Adding type registration materialized_clob -> org.hibernate.type.BasicTypeReference@298d9a05
2024-12-11 21:22:37 [Test worker] DEBUG o.hibernate.type.BasicTypeRegistry - Adding type registration materialized_clob_char_array -> org.hibernate.type.BasicTypeReference@58399d82
2024-12-11 21:22:37 [Test worker] DEBUG o.hibernate.type.BasicTypeRegistry - Adding type registration materialized_clob_character_array -> org.hibernate.type.BasicTypeReference@26f96b85
2024-12-11 21:22:37 [Test worker] DEBUG o.hibernate.type.BasicTypeRegistry - Adding type registration materialized_nclob -> org.hibernate.type.BasicTypeReference@46d8f407
2024-12-11 21:22:37 [Test worker] DEBUG o.hibernate.type.BasicTypeRegistry - Adding type registration materialized_nclob_character_array -> org.hibernate.type.BasicTypeReference@3c0036b
2024-12-11 21:22:37 [Test worker] DEBUG o.hibernate.type.BasicTypeRegistry - Adding type registration materialized_nclob_char_array -> org.hibernate.type.BasicTypeReference@17814b1c
2024-12-11 21:22:37 [Test worker] DEBUG o.hibernate.type.BasicTypeRegistry - Adding type registration Duration -> org.hibernate.type.BasicTypeReference@7ac9af2a
2024-12-11 21:22:37 [Test worker] DEBUG o.hibernate.type.BasicTypeRegistry - Adding type registration java.time.Duration -> org.hibernate.type.BasicTypeReference@7ac9af2a
2024-12-11 21:22:37 [Test worker] DEBUG o.hibernate.type.BasicTypeRegistry - Adding type registration LocalDateTime -> org.hibernate.type.BasicTypeReference@7bb004b8
2024-12-11 21:22:37 [Test worker] DEBUG o.hibernate.type.BasicTypeRegistry - Adding type registration java.time.LocalDateTime -> org.hibernate.type.BasicTypeReference@7bb004b8
2024-12-11 21:22:37 [Test worker] DEBUG o.hibernate.type.BasicTypeRegistry - Adding type registration LocalDate -> org.hibernate.type.BasicTypeReference@78e89bfe
2024-12-11 21:22:37 [Test worker] DEBUG o.hibernate.type.BasicTypeRegistry - Adding type registration java.time.LocalDate -> org.hibernate.type.BasicTypeReference@78e89bfe
2024-12-11 21:22:37 [Test worker] DEBUG o.hibernate.type.BasicTypeRegistry - Adding type registration LocalTime -> org.hibernate.type.BasicTypeReference@652ce654
2024-12-11 21:22:37 [Test worker] DEBUG o.hibernate.type.BasicTypeRegistry - Adding type registration java.time.LocalTime -> org.hibernate.type.BasicTypeReference@652ce654
2024-12-11 21:22:37 [Test worker] DEBUG o.hibernate.type.BasicTypeRegistry - Adding type registration OffsetDateTime -> org.hibernate.type.BasicTypeReference@522ba524
2024-12-11 21:22:37 [Test worker] DEBUG o.hibernate.type.BasicTypeRegistry - Adding type registration java.time.OffsetDateTime -> org.hibernate.type.BasicTypeReference@522ba524
2024-12-11 21:22:37 [Test worker] DEBUG o.hibernate.type.BasicTypeRegistry - Adding type registration OffsetDateTimeWithTimezone -> org.hibernate.type.BasicTypeReference@29c5ee1d
2024-12-11 21:22:37 [Test worker] DEBUG o.hibernate.type.BasicTypeRegistry - Adding type registration OffsetDateTimeWithoutTimezone -> org.hibernate.type.BasicTypeReference@15cea7b0
2024-12-11 21:22:37 [Test worker] DEBUG o.hibernate.type.BasicTypeRegistry - Adding type registration OffsetTime -> org.hibernate.type.BasicTypeReference@17d2ed1b
2024-12-11 21:22:37 [Test worker] DEBUG o.hibernate.type.BasicTypeRegistry - Adding type registration java.time.OffsetTime -> org.hibernate.type.BasicTypeReference@17d2ed1b
2024-12-11 21:22:37 [Test worker] DEBUG o.hibernate.type.BasicTypeRegistry - Adding type registration OffsetTimeUtc -> org.hibernate.type.BasicTypeReference@185f7840
2024-12-11 21:22:37 [Test worker] DEBUG o.hibernate.type.BasicTypeRegistry - Adding type registration OffsetTimeWithTimezone -> org.hibernate.type.BasicTypeReference@1e6cc850
2024-12-11 21:22:37 [Test worker] DEBUG o.hibernate.type.BasicTypeRegistry - Adding type registration OffsetTimeWithoutTimezone -> org.hibernate.type.BasicTypeReference@7e7f0f0a
2024-12-11 21:22:37 [Test worker] DEBUG o.hibernate.type.BasicTypeRegistry - Adding type registration ZonedDateTime -> org.hibernate.type.BasicTypeReference@7ec58feb
2024-12-11 21:22:37 [Test worker] DEBUG o.hibernate.type.BasicTypeRegistry - Adding type registration java.time.ZonedDateTime -> org.hibernate.type.BasicTypeReference@7ec58feb
2024-12-11 21:22:37 [Test worker] DEBUG o.hibernate.type.BasicTypeRegistry - Adding type registration ZonedDateTimeWithTimezone -> org.hibernate.type.BasicTypeReference@1dbb650b
2024-12-11 21:22:37 [Test worker] DEBUG o.hibernate.type.BasicTypeRegistry - Adding type registration ZonedDateTimeWithoutTimezone -> org.hibernate.type.BasicTypeReference@656d10a4
2024-12-11 21:22:37 [Test worker] DEBUG o.hibernate.type.BasicTypeRegistry - Adding type registration date -> org.hibernate.type.BasicTypeReference@63ec445c
2024-12-11 21:22:37 [Test worker] DEBUG o.hibernate.type.BasicTypeRegistry - Adding type registration java.sql.Date -> org.hibernate.type.BasicTypeReference@63ec445c
2024-12-11 21:22:37 [Test worker] DEBUG o.hibernate.type.BasicTypeRegistry - Adding type registration time -> org.hibernate.type.BasicTypeReference@3104351d
2024-12-11 21:22:37 [Test worker] DEBUG o.hibernate.type.BasicTypeRegistry - Adding type registration java.sql.Time -> org.hibernate.type.BasicTypeReference@3104351d
2024-12-11 21:22:37 [Test worker] DEBUG o.hibernate.type.BasicTypeRegistry - Adding type registration timestamp -> org.hibernate.type.BasicTypeReference@77d18d0b
2024-12-11 21:22:37 [Test worker] DEBUG o.hibernate.type.BasicTypeRegistry - Adding type registration java.sql.Timestamp -> org.hibernate.type.BasicTypeReference@77d18d0b
2024-12-11 21:22:37 [Test worker] DEBUG o.hibernate.type.BasicTypeRegistry - Adding type registration java.util.Date -> org.hibernate.type.BasicTypeReference@77d18d0b
2024-12-11 21:22:37 [Test worker] DEBUG o.hibernate.type.BasicTypeRegistry - Adding type registration calendar -> org.hibernate.type.BasicTypeReference@7a344b65
2024-12-11 21:22:37 [Test worker] DEBUG o.hibernate.type.BasicTypeRegistry - Adding type registration java.util.Calendar -> org.hibernate.type.BasicTypeReference@7a344b65
2024-12-11 21:22:37 [Test worker] DEBUG o.hibernate.type.BasicTypeRegistry - Adding type registration java.util.GregorianCalendar -> org.hibernate.type.BasicTypeReference@7a344b65
2024-12-11 21:22:37 [Test worker] DEBUG o.hibernate.type.BasicTypeRegistry - Adding type registration calendar_date -> org.hibernate.type.BasicTypeReference@7b7b3edb
2024-12-11 21:22:37 [Test worker] DEBUG o.hibernate.type.BasicTypeRegistry - Adding type registration calendar_time -> org.hibernate.type.BasicTypeReference@6b474074
2024-12-11 21:22:37 [Test worker] DEBUG o.hibernate.type.BasicTypeRegistry - Adding type registration instant -> org.hibernate.type.BasicTypeReference@108531c2
2024-12-11 21:22:37 [Test worker] DEBUG o.hibernate.type.BasicTypeRegistry - Adding type registration java.time.Instant -> org.hibernate.type.BasicTypeReference@108531c2
2024-12-11 21:22:37 [Test worker] DEBUG o.hibernate.type.BasicTypeRegistry - Adding type registration uuid -> org.hibernate.type.BasicTypeReference@48b22fd4
2024-12-11 21:22:37 [Test worker] DEBUG o.hibernate.type.BasicTypeRegistry - Adding type registration java.util.UUID -> org.hibernate.type.BasicTypeReference@48b22fd4
2024-12-11 21:22:37 [Test worker] DEBUG o.hibernate.type.BasicTypeRegistry - Adding type registration pg-uuid -> org.hibernate.type.BasicTypeReference@48b22fd4
2024-12-11 21:22:37 [Test worker] DEBUG o.hibernate.type.BasicTypeRegistry - Adding type registration uuid-binary -> org.hibernate.type.BasicTypeReference@6a9d5dff
2024-12-11 21:22:37 [Test worker] DEBUG o.hibernate.type.BasicTypeRegistry - Adding type registration uuid-char -> org.hibernate.type.BasicTypeReference@3b08f438
2024-12-11 21:22:37 [Test worker] DEBUG o.hibernate.type.BasicTypeRegistry - Adding type registration class -> org.hibernate.type.BasicTypeReference@2bac9ba
2024-12-11 21:22:37 [Test worker] DEBUG o.hibernate.type.BasicTypeRegistry - Adding type registration java.lang.Class -> org.hibernate.type.BasicTypeReference@2bac9ba
2024-12-11 21:22:37 [Test worker] DEBUG o.hibernate.type.BasicTypeRegistry - Adding type registration currency -> org.hibernate.type.BasicTypeReference@5b2f8ab6
2024-12-11 21:22:37 [Test worker] DEBUG o.hibernate.type.BasicTypeRegistry - Adding type registration Currency -> org.hibernate.type.BasicTypeReference@5b2f8ab6
2024-12-11 21:22:37 [Test worker] DEBUG o.hibernate.type.BasicTypeRegistry - Adding type registration java.util.Currency -> org.hibernate.type.BasicTypeReference@5b2f8ab6
2024-12-11 21:22:37 [Test worker] DEBUG o.hibernate.type.BasicTypeRegistry - Adding type registration locale -> org.hibernate.type.BasicTypeReference@5bdd5689
2024-12-11 21:22:37 [Test worker] DEBUG o.hibernate.type.BasicTypeRegistry - Adding type registration java.util.Locale -> org.hibernate.type.BasicTypeReference@5bdd5689
2024-12-11 21:22:37 [Test worker] DEBUG o.hibernate.type.BasicTypeRegistry - Adding type registration serializable -> org.hibernate.type.BasicTypeReference@2788d0fe
2024-12-11 21:22:37 [Test worker] DEBUG o.hibernate.type.BasicTypeRegistry - Adding type registration java.io.Serializable -> org.hibernate.type.BasicTypeReference@2788d0fe
2024-12-11 21:22:37 [Test worker] DEBUG o.hibernate.type.BasicTypeRegistry - Adding type registration timezone -> org.hibernate.type.BasicTypeReference@73ab3aac
2024-12-11 21:22:37 [Test worker] DEBUG o.hibernate.type.BasicTypeRegistry - Adding type registration java.util.TimeZone -> org.hibernate.type.BasicTypeReference@73ab3aac
2024-12-11 21:22:37 [Test worker] DEBUG o.hibernate.type.BasicTypeRegistry - Adding type registration ZoneOffset -> org.hibernate.type.BasicTypeReference@54f66455
2024-12-11 21:22:37 [Test worker] DEBUG o.hibernate.type.BasicTypeRegistry - Adding type registration java.time.ZoneOffset -> org.hibernate.type.BasicTypeReference@54f66455
2024-12-11 21:22:37 [Test worker] DEBUG o.hibernate.type.BasicTypeRegistry - Adding type registration url -> org.hibernate.type.BasicTypeReference@65ae095c
2024-12-11 21:22:37 [Test worker] DEBUG o.hibernate.type.BasicTypeRegistry - Adding type registration java.net.URL -> org.hibernate.type.BasicTypeReference@65ae095c
2024-12-11 21:22:37 [Test worker] DEBUG o.hibernate.type.BasicTypeRegistry - Adding type registration vector -> org.hibernate.type.BasicTypeReference@4c03a37
2024-12-11 21:22:37 [Test worker] DEBUG o.hibernate.type.BasicTypeRegistry - Adding type registration float_vector -> org.hibernate.type.BasicTypeReference@2e140e59
2024-12-11 21:22:37 [Test worker] DEBUG o.hibernate.type.BasicTypeRegistry - Adding type registration double_vector -> org.hibernate.type.BasicTypeReference@49a71302
2024-12-11 21:22:37 [Test worker] DEBUG o.hibernate.type.BasicTypeRegistry - Adding type registration byte_vector -> org.hibernate.type.BasicTypeReference@5cd61783
2024-12-11 21:22:37 [Test worker] DEBUG o.hibernate.type.BasicTypeRegistry - Adding type registration row_version -> org.hibernate.type.BasicTypeReference@59429fac
2024-12-11 21:22:37 [Test worker] DEBUG o.hibernate.type.BasicTypeRegistry - Adding type registration object -> org.hibernate.type.JavaObjectType@12f8b1d8
2024-12-11 21:22:37 [Test worker] DEBUG o.hibernate.type.BasicTypeRegistry - Adding type registration java.lang.Object -> org.hibernate.type.JavaObjectType@12f8b1d8
2024-12-11 21:22:37 [Test worker] DEBUG o.hibernate.type.BasicTypeRegistry - Adding type registration null -> org.hibernate.type.NullType@6a2eea2a
2024-12-11 21:22:37 [Test worker] DEBUG o.hibernate.type.BasicTypeRegistry - Adding type registration imm_date -> org.hibernate.type.BasicTypeReference@b967222
2024-12-11 21:22:37 [Test worker] DEBUG o.hibernate.type.BasicTypeRegistry - Adding type registration imm_time -> org.hibernate.type.BasicTypeReference@3b0ee03a
2024-12-11 21:22:37 [Test worker] DEBUG o.hibernate.type.BasicTypeRegistry - Adding type registration imm_timestamp -> org.hibernate.type.BasicTypeReference@1ba05e38
2024-12-11 21:22:37 [Test worker] DEBUG o.hibernate.type.BasicTypeRegistry - Adding type registration imm_calendar -> org.hibernate.type.BasicTypeReference@6c298dc
2024-12-11 21:22:37 [Test worker] DEBUG o.hibernate.type.BasicTypeRegistry - Adding type registration imm_calendar_date -> org.hibernate.type.BasicTypeReference@3e7dfd44
2024-12-11 21:22:37 [Test worker] DEBUG o.hibernate.type.BasicTypeRegistry - Adding type registration imm_calendar_time -> org.hibernate.type.BasicTypeReference@723ed581
2024-12-11 21:22:37 [Test worker] DEBUG o.hibernate.type.BasicTypeRegistry - Adding type registration imm_binary -> org.hibernate.type.BasicTypeReference@6b760460
2024-12-11 21:22:37 [Test worker] DEBUG o.hibernate.type.BasicTypeRegistry - Adding type registration imm_serializable -> org.hibernate.type.BasicTypeReference@796065aa
2024-12-11 21:22:37 [Test worker] WARN  o.hibernate.orm.connections.pooling - HHH10001002: Using built-in connection pool (not intended for production use)
2024-12-11 21:22:37 [Test worker] DEBUG o.hibernate.orm.connections.pooling - Initializing Connection pool with 1 Connections
2024-12-11 21:22:37 [Test worker] DEBUG o.h.e.j.e.i.JdbcEnvironmentInitiator - Database ->
	   name : PostgreSQL
	version : 17.2
	  major : 17
	  minor : 2
2024-12-11 21:22:37 [Test worker] DEBUG o.h.e.j.e.i.JdbcEnvironmentInitiator - Driver ->
	   name : PostgreSQL JDBC Driver
	version : 42.7.4
	  major : 42
	  minor : 7
2024-12-11 21:22:37 [Test worker] DEBUG o.h.e.j.e.i.JdbcEnvironmentInitiator - JDBC version : 4.2
2024-12-11 21:22:37 [Test worker] WARN  org.hibernate.orm.deprecation - HHH90000025: PostgreSQLDialect does not need to be specified explicitly using 'hibernate.dialect' (remove the property setting and it will be selected by default)
2024-12-11 21:22:37 [Test worker] DEBUG org.hibernate.orm.dialect - HHH035001: Using dialect: org.hibernate.dialect.PostgreSQLDialect, version: 17.2
2024-12-11 21:22:37 [Test worker] DEBUG o.h.e.j.e.s.IdentifierHelperBuilder - JDBC driver metadata reported database stores quoted identifiers in neither upper, lower nor mixed case
2024-12-11 21:22:37 [Test worker] DEBUG org.hibernate.orm.jdbc.lob - HHH10010004: Disabling contextual LOB creation as Dialect reported it is not supported
2024-12-11 21:22:37 [Test worker] INFO  o.hibernate.orm.connections.pooling - HHH10001005: Database info:
	Database JDBC URL [jdbc:postgresql://localhost:5432/web]
	Database driver: org.postgresql.Driver
	Database version: 17.2
	Autocommit mode: false
	Isolation level: undefined/unknown
	Minimum pool size: 1
	Maximum pool size: 20
2024-12-11 21:22:37 [Test worker] DEBUG o.h.t.d.sql.spi.DdlTypeRegistry - addDescriptor(2003, org.hibernate.type.descriptor.sql.internal.ArrayDdlTypeImpl@260a3a5e) replaced previous registration(org.hibernate.type.descriptor.sql.internal.ArrayDdlTypeImpl@49206065)
2024-12-11 21:22:37 [Test worker] DEBUG o.h.t.d.sql.spi.DdlTypeRegistry - addDescriptor(6, org.hibernate.type.descriptor.sql.internal.CapacityDependentDdlType@3c0bbc9f) replaced previous registration(org.hibernate.type.descriptor.sql.internal.DdlTypeImpl@1317b708)
2024-12-11 21:22:37 [Test worker] DEBUG o.h.t.d.jdbc.spi.JdbcTypeRegistry - addDescriptor(2004, BlobTypeDescriptor(BLOB_BINDING)) replaced previous registration(BlobTypeDescriptor(DEFAULT))
2024-12-11 21:22:37 [Test worker] DEBUG o.h.t.d.jdbc.spi.JdbcTypeRegistry - addDescriptor(2005, ClobTypeDescriptor(CLOB_BINDING)) replaced previous registration(ClobTypeDescriptor(DEFAULT))
2024-12-11 21:22:37 [Test worker] DEBUG o.hibernate.type.BasicTypeRegistry - Adding type registration JAVA_OBJECT -> org.hibernate.type.JavaObjectType@6ec7bce0
2024-12-11 21:22:37 [Test worker] DEBUG o.hibernate.type.BasicTypeRegistry - Adding type registration java.lang.Object -> org.hibernate.type.JavaObjectType@6ec7bce0
2024-12-11 21:22:37 [Test worker] DEBUG o.hibernate.type.BasicTypeRegistry - Type registration key [java.lang.Object] overrode previous entry : `org.hibernate.type.JavaObjectType@12f8b1d8`
2024-12-11 21:22:37 [Test worker] DEBUG o.hibernate.type.BasicTypeRegistry - Adding type registration org.hibernate.type.DurationType -> basicType@1(java.time.Duration,3015)
2024-12-11 21:22:37 [Test worker] DEBUG o.hibernate.type.BasicTypeRegistry - Adding type registration Duration -> basicType@1(java.time.Duration,3015)
2024-12-11 21:22:37 [Test worker] DEBUG o.hibernate.type.BasicTypeRegistry - Adding type registration java.time.Duration -> basicType@1(java.time.Duration,3015)
2024-12-11 21:22:37 [Test worker] DEBUG o.hibernate.type.BasicTypeRegistry - Adding type registration org.hibernate.type.OffsetDateTimeType -> basicType@2(java.time.OffsetDateTime,3003)
2024-12-11 21:22:37 [Test worker] DEBUG o.hibernate.type.BasicTypeRegistry - Adding type registration OffsetDateTime -> basicType@2(java.time.OffsetDateTime,3003)
2024-12-11 21:22:37 [Test worker] DEBUG o.hibernate.type.BasicTypeRegistry - Adding type registration java.time.OffsetDateTime -> basicType@2(java.time.OffsetDateTime,3003)
2024-12-11 21:22:37 [Test worker] DEBUG o.hibernate.type.BasicTypeRegistry - Adding type registration org.hibernate.type.ZonedDateTimeType -> basicType@3(java.time.ZonedDateTime,3003)
2024-12-11 21:22:37 [Test worker] DEBUG o.hibernate.type.BasicTypeRegistry - Adding type registration ZonedDateTime -> basicType@3(java.time.ZonedDateTime,3003)
2024-12-11 21:22:37 [Test worker] DEBUG o.hibernate.type.BasicTypeRegistry - Adding type registration java.time.ZonedDateTime -> basicType@3(java.time.ZonedDateTime,3003)
2024-12-11 21:22:37 [Test worker] DEBUG o.hibernate.type.BasicTypeRegistry - Adding type registration org.hibernate.type.OffsetTimeType -> basicType@4(java.time.OffsetTime,3007)
2024-12-11 21:22:37 [Test worker] DEBUG o.hibernate.type.BasicTypeRegistry - Adding type registration OffsetTime -> basicType@4(java.time.OffsetTime,3007)
2024-12-11 21:22:37 [Test worker] DEBUG o.hibernate.type.BasicTypeRegistry - Adding type registration java.time.OffsetTime -> basicType@4(java.time.OffsetTime,3007)
2024-12-11 21:22:37 [Test worker] DEBUG o.h.type.spi.TypeConfiguration$Scope - Scoping TypeConfiguration [org.hibernate.type.spi.TypeConfiguration@10fda3d0] to MetadataBuildingContext [org.hibernate.boot.internal.MetadataBuildingContextRootImpl@2123064f]
2024-12-11 21:22:37 [Test worker] DEBUG o.h.boot.model.relational.Namespace - Created database namespace [logicalName=Name{catalog=null, schema=null}, physicalName=Name{catalog=null, schema=null}]
2024-12-11 21:22:37 [Test worker] DEBUG o.h.boot.model.internal.EntityBinder - Binding entity from annotated class: org.GleBlassUSA.models.Point
2024-12-11 21:22:37 [Test worker] DEBUG o.h.boot.model.internal.EntityBinder - Import with entity name Point
2024-12-11 21:22:37 [Test worker] DEBUG o.h.boot.model.internal.EntityBinder - Bind entity org.GleBlassUSA.models.Point on table Point
2024-12-11 21:22:37 [Test worker] DEBUG o.h.b.model.internal.AnnotatedColumn - Binding column: AnnotatedDiscriminatorColumn(column='DTYPE')
2024-12-11 21:22:37 [Test worker] DEBUG o.h.b.model.internal.AnnotatedColumn - Binding column: AnnotatedColumn()
2024-12-11 21:22:37 [Test worker] DEBUG o.h.b.internal.ClassLoaderAccessImpl - Not known whether passed class name [org.GleBlassUSA.models.Point] is safe
2024-12-11 21:22:37 [Test worker] DEBUG o.h.b.internal.ClassLoaderAccessImpl - No temp ClassLoader provided; using live ClassLoader for loading potentially unsafe class : org.GleBlassUSA.models.Point
2024-12-11 21:22:37 [Test worker] DEBUG o.h.b.model.internal.PropertyBinder - MetadataSourceProcessor property id with lazy=false
2024-12-11 21:22:37 [Test worker] DEBUG o.h.b.m.i.AbstractPropertyHolder - Attempting to locate auto-apply AttributeConverter for property [org.GleBlassUSA.models.Point:id]
2024-12-11 21:22:37 [Test worker] DEBUG o.h.b.m.internal.BasicValueBinder - building BasicValue for id
2024-12-11 21:22:37 [Test worker] DEBUG org.hibernate.mapping.BasicValue - Skipping column re-registration: Point.id
2024-12-11 21:22:37 [Test worker] DEBUG o.h.b.model.internal.PropertyBinder - Building property id
2024-12-11 21:22:37 [Test worker] DEBUG o.h.boot.model.internal.BinderHelper - #makeIdGenerator(BasicValue([Column(id)]), id, identity, , ...)
2024-12-11 21:22:37 [Test worker] DEBUG o.h.b.model.internal.AnnotatedColumn - Binding column: AnnotatedColumn()
2024-12-11 21:22:37 [Test worker] DEBUG o.h.b.model.internal.PropertyBinder - MetadataSourceProcessor property hit with lazy=false
2024-12-11 21:22:37 [Test worker] DEBUG o.h.b.m.i.AbstractPropertyHolder - Attempting to locate auto-apply AttributeConverter for property [org.GleBlassUSA.models.Point:hit]
2024-12-11 21:22:37 [Test worker] DEBUG o.h.b.m.internal.BasicValueBinder - building BasicValue for hit
2024-12-11 21:22:37 [Test worker] DEBUG org.hibernate.mapping.BasicValue - Skipping column re-registration: Point.hit
2024-12-11 21:22:37 [Test worker] DEBUG o.h.b.model.internal.PropertyBinder - Building property hit
2024-12-11 21:22:37 [Test worker] DEBUG o.h.b.model.internal.AnnotatedColumn - Binding column: AnnotatedColumn(column='hit_time')
2024-12-11 21:22:37 [Test worker] DEBUG o.h.b.model.internal.PropertyBinder - MetadataSourceProcessor property hitTime with lazy=false
2024-12-11 21:22:37 [Test worker] DEBUG o.h.b.m.i.AbstractPropertyHolder - Attempting to locate auto-apply AttributeConverter for property [org.GleBlassUSA.models.Point:hitTime]
2024-12-11 21:22:37 [Test worker] DEBUG o.h.b.m.internal.BasicValueBinder - building BasicValue for hitTime
2024-12-11 21:22:37 [Test worker] DEBUG org.hibernate.mapping.BasicValue - Skipping column re-registration: Point.hit_time
2024-12-11 21:22:37 [Test worker] DEBUG o.h.b.model.internal.PropertyBinder - Building property hitTime
2024-12-11 21:22:37 [Test worker] DEBUG o.h.b.model.internal.AnnotatedColumn - Binding column: AnnotatedColumn()
2024-12-11 21:22:37 [Test worker] DEBUG o.h.b.model.internal.PropertyBinder - MetadataSourceProcessor property r with lazy=false
2024-12-11 21:22:37 [Test worker] DEBUG o.h.b.m.i.AbstractPropertyHolder - Attempting to locate auto-apply AttributeConverter for property [org.GleBlassUSA.models.Point:r]
2024-12-11 21:22:37 [Test worker] DEBUG o.h.b.m.internal.BasicValueBinder - building BasicValue for r
2024-12-11 21:22:37 [Test worker] DEBUG org.hibernate.mapping.BasicValue - Skipping column re-registration: Point.r
2024-12-11 21:22:37 [Test worker] DEBUG o.h.b.model.internal.PropertyBinder - Building property r
2024-12-11 21:22:37 [Test worker] DEBUG o.h.b.model.internal.AnnotatedColumn - Binding column: AnnotatedColumn()
2024-12-11 21:22:37 [Test worker] DEBUG o.h.b.model.internal.PropertyBinder - MetadataSourceProcessor property x with lazy=false
2024-12-11 21:22:37 [Test worker] DEBUG o.h.b.m.i.AbstractPropertyHolder - Attempting to locate auto-apply AttributeConverter for property [org.GleBlassUSA.models.Point:x]
2024-12-11 21:22:37 [Test worker] DEBUG o.h.b.m.internal.BasicValueBinder - building BasicValue for x
2024-12-11 21:22:37 [Test worker] DEBUG org.hibernate.mapping.BasicValue - Skipping column re-registration: Point.x
2024-12-11 21:22:37 [Test worker] DEBUG o.h.b.model.internal.PropertyBinder - Building property x
2024-12-11 21:22:37 [Test worker] DEBUG o.h.b.model.internal.AnnotatedColumn - Binding column: AnnotatedColumn()
2024-12-11 21:22:37 [Test worker] DEBUG o.h.b.model.internal.PropertyBinder - MetadataSourceProcessor property y with lazy=false
2024-12-11 21:22:37 [Test worker] DEBUG o.h.b.m.i.AbstractPropertyHolder - Attempting to locate auto-apply AttributeConverter for property [org.GleBlassUSA.models.Point:y]
2024-12-11 21:22:37 [Test worker] DEBUG o.h.b.m.internal.BasicValueBinder - building BasicValue for y
2024-12-11 21:22:37 [Test worker] DEBUG org.hibernate.mapping.BasicValue - Skipping column re-registration: Point.y
2024-12-11 21:22:37 [Test worker] DEBUG o.h.b.model.internal.PropertyBinder - Building property y
2024-12-11 21:22:37 [Test worker] DEBUG o.h.b.r.c.i.ClassLoaderServiceImpl - HHH000194: Package not found or no package-info.java: org.GleBlassUSA.models
2024-12-11 21:22:37 [Test worker] DEBUG o.h.b.m.internal.BasicValueBinder - Starting `BasicValueBinder#fillSimpleValue` for id
2024-12-11 21:22:37 [Test worker] DEBUG o.h.b.m.internal.BasicValueBinder - Starting `BasicValueBinder#fillSimpleValue` for hit
2024-12-11 21:22:37 [Test worker] DEBUG o.h.b.m.internal.BasicValueBinder - Starting `BasicValueBinder#fillSimpleValue` for hitTime
2024-12-11 21:22:37 [Test worker] DEBUG o.h.b.m.internal.BasicValueBinder - Starting `BasicValueBinder#fillSimpleValue` for r
2024-12-11 21:22:37 [Test worker] DEBUG o.h.b.m.internal.BasicValueBinder - Starting `BasicValueBinder#fillSimpleValue` for x
2024-12-11 21:22:37 [Test worker] DEBUG o.h.b.m.internal.BasicValueBinder - Starting `BasicValueBinder#fillSimpleValue` for y
2024-12-11 21:22:37 [Test worker] DEBUG org.hibernate.mapping.PrimaryKey - Forcing column [id] to be non-null as it is part of the primary key for table [point]
2024-12-11 21:22:38 [Test worker] DEBUG o.h.internal.SessionFactoryImpl - Building session factory
2024-12-11 21:22:38 [Test worker] DEBUG o.h.s.i.SessionFactoryServiceRegistryImpl - EventListenerRegistry access via ServiceRegistry is deprecated.  Use `sessionFactory.getEventEngine().getListenerRegistry()` instead
2024-12-11 21:22:38 [Test worker] DEBUG o.h.internal.SessionFactoryImpl - Instantiating SessionFactory with settings: {hibernate.format_sql=true, dialect=org.hibernate.dialect.PostgreSQLDialect, java.specification.version=17, sun.cpu.isalist=amd64, sun.jnu.encoding=Cp1251, hibernate.dialect=org.hibernate.dialect.PostgreSQLDialect, org.gradle.test.worker=2, java.class.path=C:\Users\artem\.gradle\caches\8.8\workerMain\gradle-worker.jar;F:\IdeaProjects\work 3.1\web_lab3\build\classes\java\test;F:\IdeaProjects\work 3.1\web_lab3\build\classes\java\main;F:\IdeaProjects\work 3.1\web_lab3\build\resources\main;C:\Users\artem\.gradle\caches\modules-2\files-2.1\org.primefaces\primefaces\14.0.6\c5a9079ab7e183409376d111e1cf5df64380d25\primefaces-14.0.6-jakarta.jar;C:\Users\artem\.gradle\caches\modules-2\files-2.1\org.primefaces.themes\all-themes\1.1.0\987121b93ec00db95a2a7a31e6e9d3764a0c9b7a\all-themes-1.1.0.jar;C:\Users\artem\.gradle\caches\modules-2\files-2.1\org.webjars.npm\primeflex\3.3.1\847bb6dc341d5a2a5c44b6690ee942f0460abd72\primeflex-3.3.1.jar;C:\Users\artem\.gradle\caches\modules-2\files-2.1\org.webjars.npm\primeicons\7.0.0\a59ea5efdea095365ff46ea8c61859ba1166fdf9\primeicons-7.0.0.jar;C:\Users\artem\.gradle\caches\modules-2\files-2.1\ch.qos.logback\logback-classic\1.3.12\c4266371f13e85462056325cfc09f2cf453861f7\logback-classic-1.3.12.jar;C:\Users\artem\.gradle\caches\modules-2\files-2.1\org.postgresql\postgresql\42.7.4\264310fd7b2cd76738787dc0b9f7ea2e3b11adc1\postgresql-42.7.4.jar;C:\Users\artem\.gradle\caches\modules-2\files-2.1\org.junit.jupiter\junit-jupiter\5.10.0\8fea1d9c58b2156f1b998f2f18da04bc9e087f74\junit-jupiter-5.10.0.jar;C:\Users\artem\.gradle\caches\modules-2\files-2.1\org.junit.jupiter\junit-jupiter-params\5.10.0\9041c7365495a897a64782ea5a6fdb99dab1814e\junit-jupiter-params-5.10.0.jar;C:\Users\artem\.gradle\caches\modules-2\files-2.1\org.junit.jupiter\junit-jupiter-engine\5.10.0\90587932d718fc51a48112d33045a18476c542ad\junit-jupiter-engine-5.10.0.jar;C:\Users\artem\.gradle\caches\modules-2\files-2.1\org.junit.jupiter\junit-jupiter-api\5.10.0\2fe4ba3d31d5067878e468c96aa039005a9134d3\junit-jupiter-api-5.10.0.jar;C:\Users\artem\.gradle\caches\modules-2\files-2.1\org.junit.platform\junit-platform-engine\1.10.0\276c4edcf64fabb5a139fa7b4f99330d7a93b804\junit-platform-engine-1.10.0.jar;C:\Users\artem\.gradle\caches\modules-2\files-2.1\org.junit.platform\junit-platform-commons\1.10.0\d533ff2c286eaf963566f92baf5f8a06628d2609\junit-platform-commons-1.10.0.jar;C:\Users\artem\.gradle\caches\modules-2\files-2.1\org.hibernate.orm\hibernate-core\6.6.1.Final\ed9578e39619607bdaa8765a42365ec9048a965a\hibernate-core-6.6.1.Final.jar;C:\Users\artem\.gradle\caches\modules-2\files-2.1\ch.qos.logback\logback-core\1.3.12\190f0ea4a05c4e14df99bdef5ea7b6bff6bae875\logback-core-1.3.12.jar;C:\Users\artem\.gradle\caches\modules-2\files-2.1\org.slf4j\slf4j-api\2.0.7\41eb7184ea9d556f23e18b5cb99cad1f8581fc00\slf4j-api-2.0.7.jar;C:\Users\artem\.gradle\caches\modules-2\files-2.1\org.checkerframework\checker-qual\3.42.0\638ec33f363a94d41a4f03c3e7d3dcfba64e402d\checker-qual-3.42.0.jar;C:\Users\artem\.gradle\caches\modules-2\files-2.1\jakarta.persistence\jakarta.persistence-api\3.1.0\66901fa1c373c6aff65c13791cc11da72060a8d6\jakarta.persistence-api-3.1.0.jar;C:\Users\artem\.gradle\caches\modules-2\files-2.1\jakarta.transaction\jakarta.transaction-api\2.0.1\51a520e3fae406abb84e2e1148e6746ce3f80a1a\jakarta.transaction-api-2.0.1.jar;C:\Users\artem\.gradle\caches\modules-2\files-2.1\org.jboss.logging\jboss-logging\3.5.0.Final\c19307cc11f28f5e2679347e633a3294d865334d\jboss-logging-3.5.0.Final.jar;C:\Users\artem\.gradle\caches\modules-2\files-2.1\org.hibernate.common\hibernate-commons-annotations\7.0.1.Final\c21c8b84ab6c56b181014df3df2ed1467a7a7e88\hibernate-commons-annotations-7.0.1.Final.jar;C:\Users\artem\.gradle\caches\modules-2\files-2.1\io.smallrye\jandex\3.2.0\f17ad860f62a08487b9edabde608f8ac55c62fa7\jandex-3.2.0.jar;C:\Users\artem\.gradle\caches\modules-2\files-2.1\com.fasterxml\classmate\1.5.1\3fe0bed568c62df5e89f4f174c101eab25345b6c\classmate-1.5.1.jar;C:\Users\artem\.gradle\caches\modules-2\files-2.1\net.bytebuddy\byte-buddy\1.14.18\81e9b9a20944626e6757b5950676af901c2485\byte-buddy-1.14.18.jar;C:\Users\artem\.gradle\caches\modules-2\files-2.1\org.glassfish.jaxb\jaxb-runtime\4.0.2\e4e4e0c5b0d42054d00dc4023901572a60d368c7\jaxb-runtime-4.0.2.jar;C:\Users\artem\.gradle\caches\modules-2\files-2.1\org.glassfish.jaxb\jaxb-core\4.0.2\8c29249f6c10f4ee08967783831580b0f5c5360\jaxb-core-4.0.2.jar;C:\Users\artem\.gradle\caches\modules-2\files-2.1\jakarta.xml.bind\jakarta.xml.bind-api\4.0.0\bbb399208d288b15ec101fa4fcfc4bd77cedc97a\jakarta.xml.bind-api-4.0.0.jar;C:\Users\artem\.gradle\caches\modules-2\files-2.1\jakarta.inject\jakarta.inject-api\2.0.1\4c28afe1991a941d7702fe1362c365f0a8641d1e\jakarta.inject-api-2.0.1.jar;C:\Users\artem\.gradle\caches\modules-2\files-2.1\org.antlr\antlr4-runtime\4.13.0\5a02e48521624faaf5ff4d99afc88b01686af655\antlr4-runtime-4.13.0.jar;C:\Users\artem\.gradle\caches\modules-2\files-2.1\org.opentest4j\opentest4j\1.3.0\152ea56b3a72f655d4fd677fc0ef2596c3dd5e6e\opentest4j-1.3.0.jar;C:\Users\artem\.gradle\caches\modules-2\files-2.1\org.eclipse.angus\angus-activation\2.0.0\72369f4e2314d38de2dcbb277141ef0226f73151\angus-activation-2.0.0.jar;C:\Users\artem\.gradle\caches\modules-2\files-2.1\jakarta.activation\jakarta.activation-api\2.1.1\88c774ab863a21fb2fc4219af95379fafe499a31\jakarta.activation-api-2.1.1.jar;C:\Users\artem\.gradle\caches\modules-2\files-2.1\org.glassfish.jaxb\txw2\4.0.2\24e167be69c29ebb7ee0a3b1f9b546f1dfd111fc\txw2-4.0.2.jar;C:\Users\artem\.gradle\caches\modules-2\files-2.1\com.sun.istack\istack-commons-runtime\4.1.1\9b3769c76235bc283b060da4fae2318c6d53f07e\istack-commons-runtime-4.1.1.jar;C:\Users\artem\.gradle\wrapper\dists\gradle-8.8-bin\dl7vupf4psengwqhwktix4v1\gradle-8.8\lib\plugins\junit-platform-engine-1.8.2.jar;C:\Users\artem\.gradle\wrapper\dists\gradle-8.8-bin\dl7vupf4psengwqhwktix4v1\gradle-8.8\lib\plugins\junit-platform-launcher-1.8.2.jar;C:\Users\artem\.gradle\wrapper\dists\gradle-8.8-bin\dl7vupf4psengwqhwktix4v1\gradle-8.8\lib\plugins\junit-platform-commons-1.8.2.jar, java.vm.vendor=Oracle Corporation, sun.arch.data.model=64, hbm2ddl.auto=update, user.variant=, java.vendor.url=https://java.oracle.com/, user.timezone=Europe/Moscow, java.vm.specification.version=17, os.name=Windows 10, user.country=RU, sun.java.launcher=SUN_STANDARD, sun.boot.library.path=C:\Program Files\Java\jdk-17\bin, sun.java.command=worker.org.gradle.process.internal.worker.GradleWorkerMain 'Gradle Test Executor 2', jdk.debug=release, sun.cpu.endian=little, user.home=C:\Users\artem, user.language=ru, java.specification.vendor=Oracle Corporation, java.version.date=2021-09-14, java.home=C:\Program Files\Java\jdk-17, file.separator=\, java.vm.compressedOopsMode=32-bit, line.separator=
, java.vm.specification.vendor=Oracle Corporation, java.specification.name=Java Platform API Specification, hibernate.hbm2ddl.auto=update, user.script=, connection.password=1234, sun.management.compiler=HotSpot 64-Bit Tiered Compilers, java.runtime.version=17+35-LTS-2724, user.name=artem, path.separator=;, hibernate.connection.username=****, os.version=10.0, java.runtime.name=Java(TM) SE Runtime Environment, hibernate.connection.url=jdbc:postgresql://localhost:5432/web, file.encoding=windows-1252, format_sql=true, java.vm.name=Java HotSpot(TM) 64-Bit Server VM, hibernate.show_sql=true, show_sql=true, hibernate.connection.driver_class=org.postgresql.Driver, java.vendor.url.bug=https://bugreport.java.com/bugreport/, java.io.tmpdir=C:\Users\artem\AppData\Local\Temp\, java.version=17, user.dir=F:\IdeaProjects\work 3.1\web_lab3, os.arch=amd64, connection.username=postgres, java.vm.specification.name=Java Virtual Machine Specification, hibernate.connection.password=****, org.gradle.internal.worker.tmpdir=F:\IdeaProjects\work 3.1\web_lab3\build\tmp\test\work, sun.os.patch.level=, connection.driver_class=org.postgresql.Driver, hibernate.boot.CfgXmlAccessService.key=org.hibernate.boot.cfgxml.spi.LoadedConfig@6042d663, native.encoding=Cp1252, java.library.path=C:\Program Files\Java\jdk-17\bin;C:\Windows\Sun\Java\bin;C:\Windows\system32;C:\Windows;C:\Program Files\Common Files\Oracle\Java\javapath;C:\Program Files (x86)\Common Files\Oracle\Java\javapath;C:\Windows\system32;C:\Windows;C:\Windows\System32\Wbem;C:\Windows\System32\WindowsPowerShell\v1.0\;C:\Windows\System32\OpenSSH\;C:\Program Files\NVIDIA Corporation\NVIDIA NvDLISR;C:\Program Files (x86)\NVIDIA Corporation\PhysX\Common;C:\Program Files\Git\cmd;C:\Program Files\WireGuard\;C:\Program Files (x86)\Windows Kits\10\Windows Performance Toolkit\;C:\Program Files\Docker\Docker\resources\bin;C:\Users\artem\.cargo\bin;C:\Program Files\Common Files\Oracle\Java\javapath;C:\Program Files (x86)\Common Files\Oracle\Java\javapath;C:\Windows\system32;C:\Windows;C:\Windows\System32\Wbem;C:\Windows\System32\WindowsPowerShell\v1.0\;C:\Windows\System32\OpenSSH\;C:\Program Files\NVIDIA Corporation\NVIDIA NvDLISR;C:\Program Files (x86)\NVIDIA Corporation\PhysX\Common;C:\Program Files\Git\cmd;C:\Program Files\WireGuard\;C:\Program Files (x86)\Windows Kits\10\Windows Performance Toolkit\;C:\Program Files\Docker\Docker\resources\bin;C:\Program Files\Java\jdk-17\bin;C:\Program Files\JetBrains\RustRover 2024.3\bin;;C:\Users\artem\AppData\Local\Programs\Microsoft VS Code\bin;F:\idea\IntelliJ IDEA 2024.3\bin;;C:\Program Files\Java\jdk-17;;., java.vendor=Oracle Corporation, java.vm.info=mixed mode, sharing, java.vm.version=17+35-LTS-2724, sun.io.unicode.encoding=UnicodeLittle, connection.url=jdbc:postgresql://localhost:5432/web, java.class.version=61.0}
2024-12-11 21:22:38 [Test worker] DEBUG o.h.internal.SessionFactoryImpl - Session factory constructed with filter configurations : {}
2024-12-11 21:22:38 [Test worker] DEBUG o.h.q.s.function.SqmFunctionRegistry - Registered SqmFunctionTemplate [NamedSqmFunctionTemplate(max)] under max; prior registration was null
2024-12-11 21:22:38 [Test worker] DEBUG o.h.q.s.function.SqmFunctionRegistry - Registered SqmFunctionTemplate [NamedSqmFunctionTemplate(min)] under min; prior registration was null
2024-12-11 21:22:38 [Test worker] DEBUG o.h.q.s.function.SqmFunctionRegistry - Registered SqmFunctionTemplate [NamedSqmFunctionTemplate(sum)] under sum; prior registration was null
2024-12-11 21:22:38 [Test worker] DEBUG o.h.q.s.function.SqmFunctionRegistry - Registered SqmFunctionTemplate [NamedSqmFunctionTemplate(avg)] under avg; prior registration was null
2024-12-11 21:22:38 [Test worker] DEBUG o.h.q.s.function.SqmFunctionRegistry - Registered SqmFunctionTemplate [org.hibernate.dialect.function.CountFunction@114a5e0] under count; prior registration was null
2024-12-11 21:22:38 [Test worker] DEBUG o.h.q.s.function.SqmFunctionRegistry - Registered SqmFunctionTemplate [org.hibernate.dialect.function.EveryAnyEmulation@251c4280] under every; prior registration was null
2024-12-11 21:22:38 [Test worker] DEBUG o.h.q.s.function.SqmFunctionRegistry - Registered SqmFunctionTemplate [org.hibernate.dialect.function.EveryAnyEmulation@35650279] under any; prior registration was null
2024-12-11 21:22:38 [Test worker] DEBUG o.h.q.s.function.SqmFunctionRegistry - Registered SqmFunctionTemplate [NamedSqmFunctionTemplate(floor)] under floor; prior registration was null
2024-12-11 21:22:38 [Test worker] DEBUG o.h.q.s.function.SqmFunctionRegistry - Registered SqmFunctionTemplate [NamedSqmFunctionTemplate(ceiling)] under ceiling; prior registration was null
2024-12-11 21:22:38 [Test worker] DEBUG o.h.q.s.function.SqmFunctionRegistry - Registered SqmFunctionTemplate [NamedSqmFunctionTemplate(mod)] under mod; prior registration was null
2024-12-11 21:22:38 [Test worker] DEBUG o.h.q.s.function.SqmFunctionRegistry - Registered SqmFunctionTemplate [NamedSqmFunctionTemplate(abs)] under abs; prior registration was null
2024-12-11 21:22:38 [Test worker] DEBUG o.h.q.s.function.SqmFunctionRegistry - Registered SqmFunctionTemplate [NamedSqmFunctionTemplate(sign)] under sign; prior registration was null
2024-12-11 21:22:38 [Test worker] DEBUG o.h.q.s.function.SqmFunctionRegistry - Registered SqmFunctionTemplate [NamedSqmFunctionTemplate(sqrt)] under sqrt; prior registration was null
2024-12-11 21:22:38 [Test worker] DEBUG o.h.q.s.function.SqmFunctionRegistry - Registered SqmFunctionTemplate [NamedSqmFunctionTemplate(ln)] under ln; prior registration was null
2024-12-11 21:22:38 [Test worker] DEBUG o.h.q.s.function.SqmFunctionRegistry - Registered SqmFunctionTemplate [NamedSqmFunctionTemplate(exp)] under exp; prior registration was null
2024-12-11 21:22:38 [Test worker] DEBUG o.h.q.s.function.SqmFunctionRegistry - Registered SqmFunctionTemplate [NamedSqmFunctionTemplate(power)] under power; prior registration was null
2024-12-11 21:22:38 [Test worker] DEBUG o.h.q.s.function.SqmFunctionRegistry - Registered SqmFunctionTemplate [NamedSqmFunctionTemplate(round)] under round; prior registration was null
2024-12-11 21:22:38 [Test worker] DEBUG o.h.q.s.function.SqmFunctionRegistry - Registered SqmFunctionTemplate [NamedSqmFunctionTemplate(sin)] under sin; prior registration was null
2024-12-11 21:22:38 [Test worker] DEBUG o.h.q.s.function.SqmFunctionRegistry - Registered SqmFunctionTemplate [NamedSqmFunctionTemplate(cos)] under cos; prior registration was null
2024-12-11 21:22:38 [Test worker] DEBUG o.h.q.s.function.SqmFunctionRegistry - Registered SqmFunctionTemplate [NamedSqmFunctionTemplate(tan)] under tan; prior registration was null
2024-12-11 21:22:38 [Test worker] DEBUG o.h.q.s.function.SqmFunctionRegistry - Registered SqmFunctionTemplate [NamedSqmFunctionTemplate(asin)] under asin; prior registration was null
2024-12-11 21:22:38 [Test worker] DEBUG o.h.q.s.function.SqmFunctionRegistry - Registered SqmFunctionTemplate [NamedSqmFunctionTemplate(acos)] under acos; prior registration was null
2024-12-11 21:22:38 [Test worker] DEBUG o.h.q.s.function.SqmFunctionRegistry - Registered SqmFunctionTemplate [NamedSqmFunctionTemplate(atan)] under atan; prior registration was null
2024-12-11 21:22:38 [Test worker] DEBUG o.h.q.s.function.SqmFunctionRegistry - Registered SqmFunctionTemplate [NamedSqmFunctionTemplate(atan2)] under atan2; prior registration was null
2024-12-11 21:22:38 [Test worker] DEBUG o.h.q.s.function.SqmFunctionRegistry - Registered SqmFunctionTemplate [org.hibernate.query.sqm.function.PatternBasedSqmFunctionDescriptor@1ad9b8d3] under sinh; prior registration was null
2024-12-11 21:22:38 [Test worker] DEBUG o.h.q.s.function.SqmFunctionRegistry - Registered SqmFunctionTemplate [org.hibernate.query.sqm.function.PatternBasedSqmFunctionDescriptor@168ad26f] under cosh; prior registration was null
2024-12-11 21:22:38 [Test worker] DEBUG o.h.q.s.function.SqmFunctionRegistry - Registered SqmFunctionTemplate [org.hibernate.query.sqm.function.PatternBasedSqmFunctionDescriptor@4f93bf0a] under tanh; prior registration was null
2024-12-11 21:22:38 [Test worker] DEBUG o.h.q.s.function.SqmFunctionRegistry - Registered SqmFunctionTemplate [org.hibernate.query.sqm.function.PatternBasedSqmFunctionDescriptor@322204dc] under pi; prior registration was null
2024-12-11 21:22:38 [Test worker] DEBUG o.h.q.s.function.SqmFunctionRegistry - Registered SqmFunctionTemplate [org.hibernate.query.sqm.function.PatternBasedSqmFunctionDescriptor@656a3d6b] under log; prior registration was null
2024-12-11 21:22:38 [Test worker] DEBUG o.h.q.s.function.SqmFunctionRegistry - Registered SqmFunctionTemplate [NamedSqmFunctionTemplate(coalesce)] under coalesce; prior registration was null
2024-12-11 21:22:38 [Test worker] DEBUG o.h.q.s.function.SqmFunctionRegistry - Registered SqmFunctionTemplate [NamedSqmFunctionTemplate(nullif)] under nullif; prior registration was null
2024-12-11 21:22:38 [Test worker] DEBUG o.h.q.s.function.SqmFunctionRegistry - Registered SqmFunctionTemplate [NamedSqmFunctionTemplate(left)] under left; prior registration was null
2024-12-11 21:22:38 [Test worker] DEBUG o.h.q.s.function.SqmFunctionRegistry - Registered SqmFunctionTemplate [NamedSqmFunctionTemplate(right)] under right; prior registration was null
2024-12-11 21:22:38 [Test worker] DEBUG o.h.q.s.function.SqmFunctionRegistry - Registered SqmFunctionTemplate [NamedSqmFunctionTemplate(replace)] under replace; prior registration was null
2024-12-11 21:22:38 [Test worker] DEBUG o.h.q.s.function.SqmFunctionRegistry - Registered SqmFunctionTemplate [NamedSqmFunctionTemplate(concat)] under concat; prior registration was null
2024-12-11 21:22:38 [Test worker] DEBUG o.h.q.s.function.SqmFunctionRegistry - Registered SqmFunctionTemplate [NamedSqmFunctionTemplate(lower)] under lower; prior registration was null
2024-12-11 21:22:38 [Test worker] DEBUG o.h.q.s.function.SqmFunctionRegistry - Registered SqmFunctionTemplate [NamedSqmFunctionTemplate(upper)] under upper; prior registration was null
2024-12-11 21:22:38 [Test worker] DEBUG o.h.q.s.function.SqmFunctionRegistry - Registered SqmFunctionTemplate [NamedSqmFunctionTemplate(substring)] under substring; prior registration was null
2024-12-11 21:22:38 [Test worker] DEBUG o.h.q.s.function.SqmFunctionRegistry - Registered SqmFunctionTemplate [NamedSqmFunctionTemplate(locate)] under locate; prior registration was null
2024-12-11 21:22:38 [Test worker] DEBUG o.h.q.s.function.SqmFunctionRegistry - Registered SqmFunctionTemplate [NamedSqmFunctionTemplate(character_length)] under character_length; prior registration was null
2024-12-11 21:22:38 [Test worker] DEBUG o.h.q.s.function.SqmFunctionRegistry - Registering alternate key : length -> character_length
2024-12-11 21:22:38 [Test worker] DEBUG o.h.q.s.function.SqmFunctionRegistry - Registered SqmFunctionTemplate [org.hibernate.dialect.function.LocatePositionEmulation@3f8dfe74] under position; prior registration was null
2024-12-11 21:22:38 [Test worker] DEBUG o.h.q.s.function.SqmFunctionRegistry - Registered SqmFunctionTemplate [org.hibernate.dialect.function.InsertSubstringOverlayEmulation@6c977dcf] under overlay; prior registration was null
2024-12-11 21:22:38 [Test worker] DEBUG o.h.q.s.function.SqmFunctionRegistry - Registered SqmFunctionTemplate [org.hibernate.dialect.function.TrimFunction@359066bc] under trim; prior registration was null
2024-12-11 21:22:38 [Test worker] DEBUG o.h.q.s.function.SqmFunctionRegistry - Registered SqmFunctionTemplate [org.hibernate.dialect.function.CastFunction@3b481bf5] under cast; prior registration was null
2024-12-11 21:22:38 [Test worker] DEBUG o.h.q.s.function.SqmFunctionRegistry - Registered SqmFunctionTemplate [org.hibernate.query.sqm.function.PatternBasedSqmFunctionDescriptor@2233cac0] under collate; prior registration was null
2024-12-11 21:22:38 [Test worker] DEBUG o.h.q.s.function.SqmFunctionRegistry - Registered SqmFunctionTemplate [org.hibernate.dialect.function.ExtractFunction@3fcbc766] under extract; prior registration was null
2024-12-11 21:22:38 [Test worker] DEBUG o.h.q.s.function.SqmFunctionRegistry - Registered SqmFunctionTemplate [NamedSqmFunctionTemplate(least)] under least; prior registration was null
2024-12-11 21:22:38 [Test worker] DEBUG o.h.q.s.function.SqmFunctionRegistry - Registered SqmFunctionTemplate [NamedSqmFunctionTemplate(greatest)] under greatest; prior registration was null
2024-12-11 21:22:38 [Test worker] DEBUG o.h.q.s.function.SqmFunctionRegistry - Registered SqmFunctionTemplate [org.hibernate.dialect.function.CoalesceIfnullEmulation@79b18230] under ifnull; prior registration was null
2024-12-11 21:22:38 [Test worker] DEBUG o.h.q.s.function.SqmFunctionRegistry - Registered SqmFunctionTemplate [NamedSqmFunctionTemplate(lpad)] under lpad; prior registration was null
2024-12-11 21:22:38 [Test worker] DEBUG o.h.q.s.function.SqmFunctionRegistry - Registered SqmFunctionTemplate [NamedSqmFunctionTemplate(rpad)] under rpad; prior registration was null
2024-12-11 21:22:38 [Test worker] DEBUG o.h.q.s.function.SqmFunctionRegistry - Registered SqmFunctionTemplate [org.hibernate.dialect.function.LpadRpadPadEmulation@6e02721d] under pad; prior registration was null
2024-12-11 21:22:38 [Test worker] DEBUG o.h.q.s.function.SqmFunctionRegistry - Registered SqmFunctionTemplate [org.hibernate.dialect.function.CastStrEmulation@21ea996f] under str; prior registration was null
2024-12-11 21:22:38 [Test worker] DEBUG o.h.q.s.function.SqmFunctionRegistry - Registered SqmFunctionTemplate [org.hibernate.dialect.function.FormatFunction@a85644c] under format; prior registration was null
2024-12-11 21:22:38 [Test worker] DEBUG o.h.q.s.function.SqmFunctionRegistry - Registered SqmFunctionTemplate [org.hibernate.dialect.function.TimestampaddFunction@69a024a0] under timestampadd; prior registration was null
2024-12-11 21:22:38 [Test worker] DEBUG o.h.q.s.function.SqmFunctionRegistry - Registered SqmFunctionTemplate [org.hibernate.dialect.function.TimestampdiffFunction@23cd5d42] under timestampdiff; prior registration was null
2024-12-11 21:22:38 [Test worker] DEBUG o.h.q.s.function.SqmFunctionRegistry - Registering alternate key : dateadd -> timestampadd
2024-12-11 21:22:38 [Test worker] DEBUG o.h.q.s.function.SqmFunctionRegistry - Registering alternate key : datediff -> timestampdiff
2024-12-11 21:22:38 [Test worker] DEBUG o.h.q.s.function.SqmFunctionRegistry - Registered SqmFunctionTemplate [org.hibernate.dialect.function.CurrentFunction@50085d9c] under current_date; prior registration was null
2024-12-11 21:22:38 [Test worker] DEBUG o.h.q.s.function.SqmFunctionRegistry - Registered SqmFunctionTemplate [org.hibernate.dialect.function.CurrentFunction@5df7e31b] under current_time; prior registration was null
2024-12-11 21:22:38 [Test worker] DEBUG o.h.q.s.function.SqmFunctionRegistry - Registered SqmFunctionTemplate [org.hibernate.dialect.function.CurrentFunction@63a9c661] under current_timestamp; prior registration was null
2024-12-11 21:22:38 [Test worker] DEBUG o.h.q.s.function.SqmFunctionRegistry - Registering alternate key : current date -> current_date
2024-12-11 21:22:38 [Test worker] DEBUG o.h.q.s.function.SqmFunctionRegistry - Registering alternate key : current time -> current_time
2024-12-11 21:22:38 [Test worker] DEBUG o.h.q.s.function.SqmFunctionRegistry - Registering alternate key : current timestamp -> current_timestamp
2024-12-11 21:22:38 [Test worker] DEBUG o.h.q.s.function.SqmFunctionRegistry - Registered SqmFunctionTemplate [org.hibernate.dialect.function.CurrentFunction@4b425577] under local_date; prior registration was null
2024-12-11 21:22:38 [Test worker] DEBUG o.h.q.s.function.SqmFunctionRegistry - Registered SqmFunctionTemplate [org.hibernate.dialect.function.CurrentFunction@5934153e] under local_time; prior registration was null
2024-12-11 21:22:38 [Test worker] DEBUG o.h.q.s.function.SqmFunctionRegistry - Registered SqmFunctionTemplate [org.hibernate.dialect.function.CurrentFunction@3bb9ca38] under local_datetime; prior registration was null
2024-12-11 21:22:38 [Test worker] DEBUG o.h.q.s.function.SqmFunctionRegistry - Registered SqmFunctionTemplate [org.hibernate.dialect.function.CurrentFunction@160e99e0] under offset_datetime; prior registration was null
2024-12-11 21:22:38 [Test worker] DEBUG o.h.q.s.function.SqmFunctionRegistry - Registering alternate key : local date -> local_date
2024-12-11 21:22:38 [Test worker] DEBUG o.h.q.s.function.SqmFunctionRegistry - Registering alternate key : local time -> local_time
2024-12-11 21:22:38 [Test worker] DEBUG o.h.q.s.function.SqmFunctionRegistry - Registering alternate key : local datetime -> local_datetime
2024-12-11 21:22:38 [Test worker] DEBUG o.h.q.s.function.SqmFunctionRegistry - Registering alternate key : offset datetime -> offset_datetime
2024-12-11 21:22:38 [Test worker] DEBUG o.h.q.s.function.SqmFunctionRegistry - Registered SqmFunctionTemplate [org.hibernate.dialect.function.CurrentFunction@4f3e9fbb] under instant; prior registration was null
2024-12-11 21:22:38 [Test worker] DEBUG o.h.q.s.function.SqmFunctionRegistry - Registering alternate key : current_instant -> instant
2024-12-11 21:22:38 [Test worker] DEBUG o.h.q.s.function.SqmFunctionRegistry - Registered SqmFunctionTemplate [org.hibernate.dialect.function.SqlFunction@1a1ccaaf] under sql; prior registration was null
2024-12-11 21:22:38 [Test worker] DEBUG o.h.q.s.function.SqmFunctionRegistry - Registered SqmFunctionTemplate [NamedSqmFunctionTemplate(cot)] under cot; prior registration was null
2024-12-11 21:22:38 [Test worker] DEBUG o.h.q.s.function.SqmFunctionRegistry - Registered SqmFunctionTemplate [NamedSqmFunctionTemplate(radians)] under radians; prior registration was null
2024-12-11 21:22:38 [Test worker] DEBUG o.h.q.s.function.SqmFunctionRegistry - Registered SqmFunctionTemplate [NamedSqmFunctionTemplate(degrees)] under degrees; prior registration was null
2024-12-11 21:22:38 [Test worker] DEBUG o.h.q.s.function.SqmFunctionRegistry - Registered SqmFunctionTemplate [NamedSqmFunctionTemplate(log)] under log; prior registration was org.hibernate.query.sqm.function.PatternBasedSqmFunctionDescriptor@656a3d6b
2024-12-11 21:22:38 [Test worker] DEBUG o.h.q.s.function.SqmFunctionRegistry - Registered SqmFunctionTemplate [org.hibernate.query.sqm.function.PatternBasedSqmFunctionDescriptor@7b53b1ad] under mod; prior registration was NamedSqmFunctionTemplate(mod)
2024-12-11 21:22:38 [Test worker] DEBUG o.h.q.s.function.SqmFunctionRegistry - Registered SqmFunctionTemplate [NamedSqmFunctionTemplate(log10)] under log10; prior registration was null
2024-12-11 21:22:38 [Test worker] DEBUG o.h.q.s.function.SqmFunctionRegistry - Registered SqmFunctionTemplate [NamedSqmFunctionTemplate(tanh)] under tanh; prior registration was org.hibernate.query.sqm.function.PatternBasedSqmFunctionDescriptor@4f93bf0a
2024-12-11 21:22:38 [Test worker] DEBUG o.h.q.s.function.SqmFunctionRegistry - Registered SqmFunctionTemplate [NamedSqmFunctionTemplate(sinh)] under sinh; prior registration was org.hibernate.query.sqm.function.PatternBasedSqmFunctionDescriptor@1ad9b8d3
2024-12-11 21:22:38 [Test worker] DEBUG o.h.q.s.function.SqmFunctionRegistry - Registered SqmFunctionTemplate [NamedSqmFunctionTemplate(cosh)] under cosh; prior registration was org.hibernate.query.sqm.function.PatternBasedSqmFunctionDescriptor@168ad26f
2024-12-11 21:22:38 [Test worker] DEBUG o.h.q.s.function.SqmFunctionRegistry - Registered SqmFunctionTemplate [NamedSqmFunctionTemplate(acosh)] under acosh; prior registration was null
2024-12-11 21:22:38 [Test worker] DEBUG o.h.q.s.function.SqmFunctionRegistry - Registered SqmFunctionTemplate [NamedSqmFunctionTemplate(asinh)] under asinh; prior registration was null
2024-12-11 21:22:38 [Test worker] DEBUG o.h.q.s.function.SqmFunctionRegistry - Registered SqmFunctionTemplate [NamedSqmFunctionTemplate(atanh)] under atanh; prior registration was null
2024-12-11 21:22:38 [Test worker] DEBUG o.h.q.s.function.SqmFunctionRegistry - Registered SqmFunctionTemplate [NamedSqmFunctionTemplate(cbrt)] under cbrt; prior registration was null
2024-12-11 21:22:38 [Test worker] DEBUG o.h.q.s.function.SqmFunctionRegistry - Registered SqmFunctionTemplate [NamedSqmFunctionTemplate(pi)] under pi; prior registration was org.hibernate.query.sqm.function.PatternBasedSqmFunctionDescriptor@322204dc
2024-12-11 21:22:38 [Test worker] DEBUG o.h.q.s.function.SqmFunctionRegistry - Registered SqmFunctionTemplate [NamedSqmFunctionTemplate(ltrim)] under ltrim; prior registration was null
2024-12-11 21:22:38 [Test worker] DEBUG o.h.q.s.function.SqmFunctionRegistry - Registered SqmFunctionTemplate [NamedSqmFunctionTemplate(rtrim)] under rtrim; prior registration was null
2024-12-11 21:22:38 [Test worker] DEBUG o.h.q.s.function.SqmFunctionRegistry - Registered SqmFunctionTemplate [NamedSqmFunctionTemplate(repeat)] under repeat; prior registration was null
2024-12-11 21:22:38 [Test worker] DEBUG o.h.q.s.function.SqmFunctionRegistry - Registered SqmFunctionTemplate [NamedSqmFunctionTemplate(md5)] under md5; prior registration was null
2024-12-11 21:22:38 [Test worker] DEBUG o.h.q.s.function.SqmFunctionRegistry - Registered SqmFunctionTemplate [NamedSqmFunctionTemplate(initcap)] under initcap; prior registration was null
2024-12-11 21:22:38 [Test worker] DEBUG o.h.q.s.function.SqmFunctionRegistry - Registered SqmFunctionTemplate [NamedSqmFunctionTemplate(substr)] under substr; prior registration was null
2024-12-11 21:22:38 [Test worker] DEBUG o.h.q.s.function.SqmFunctionRegistry - Registered SqmFunctionTemplate [NamedSqmFunctionTemplate(substr)] under substring; prior registration was NamedSqmFunctionTemplate(substring)
2024-12-11 21:22:38 [Test worker] DEBUG o.h.q.s.function.SqmFunctionRegistry - Registered SqmFunctionTemplate [NamedSqmFunctionTemplate(translate)] under translate; prior registration was null
2024-12-11 21:22:38 [Test worker] DEBUG o.h.q.s.function.SqmFunctionRegistry - Registered SqmFunctionTemplate [NamedSqmFunctionTemplate(to_number)] under to_number; prior registration was null
2024-12-11 21:22:38 [Test worker] DEBUG o.h.q.s.function.SqmFunctionRegistry - Registered SqmFunctionTemplate [NamedSqmFunctionTemplate(to_char)] under to_char; prior registration was null
2024-12-11 21:22:38 [Test worker] DEBUG o.h.q.s.function.SqmFunctionRegistry - Registered SqmFunctionTemplate [NamedSqmFunctionTemplate(to_date)] under to_date; prior registration was null
2024-12-11 21:22:38 [Test worker] DEBUG o.h.q.s.function.SqmFunctionRegistry - Registered SqmFunctionTemplate [NamedSqmFunctionTemplate(to_timestamp)] under to_timestamp; prior registration was null
2024-12-11 21:22:38 [Test worker] DEBUG o.h.q.s.function.SqmFunctionRegistry - Registered SqmFunctionTemplate [org.hibernate.dialect.function.ConcatPipeFunction@198536f6] under concat; prior registration was NamedSqmFunctionTemplate(concat)
2024-12-11 21:22:38 [Test worker] DEBUG o.h.q.s.function.SqmFunctionRegistry - Registered SqmFunctionTemplate [NamedSqmFunctionTemplate(localtime)] under localtime; prior registration was null
2024-12-11 21:22:38 [Test worker] DEBUG o.h.q.s.function.SqmFunctionRegistry - Registered SqmFunctionTemplate [NamedSqmFunctionTemplate(localtimestamp)] under localtimestamp; prior registration was null
2024-12-11 21:22:38 [Test worker] DEBUG o.h.q.s.function.SqmFunctionRegistry - Registered SqmFunctionTemplate [NamedSqmFunctionTemplate(localtime)] under local_time; prior registration was org.hibernate.dialect.function.CurrentFunction@5934153e
2024-12-11 21:22:38 [Test worker] DEBUG o.h.q.s.function.SqmFunctionRegistry - Registered SqmFunctionTemplate [NamedSqmFunctionTemplate(localtimestamp)] under local_datetime; prior registration was org.hibernate.dialect.function.CurrentFunction@3bb9ca38
2024-12-11 21:22:38 [Test worker] DEBUG o.h.q.s.function.SqmFunctionRegistry - Registered SqmFunctionTemplate [org.hibernate.dialect.function.LengthFunction@1c628f6a] under character_length; prior registration was NamedSqmFunctionTemplate(character_length)
2024-12-11 21:22:38 [Test worker] DEBUG o.h.q.s.function.SqmFunctionRegistry - Registering alternate key : length -> character_length
2024-12-11 21:22:38 [Test worker] DEBUG o.h.q.s.function.SqmFunctionRegistry - Registered SqmFunctionTemplate [org.hibernate.dialect.function.LengthFunction@9b47400] under bit_length; prior registration was null
2024-12-11 21:22:38 [Test worker] DEBUG o.h.q.s.function.SqmFunctionRegistry - Registered SqmFunctionTemplate [org.hibernate.dialect.function.LengthFunction@747835f5] under octet_length; prior registration was null
2024-12-11 21:22:38 [Test worker] DEBUG o.h.q.s.function.SqmFunctionRegistry - Registered SqmFunctionTemplate [NamedSqmFunctionTemplate(ascii)] under ascii; prior registration was null
2024-12-11 21:22:38 [Test worker] DEBUG o.h.q.s.function.SqmFunctionRegistry - Registered SqmFunctionTemplate [NamedSqmFunctionTemplate(chr)] under chr; prior registration was null
2024-12-11 21:22:38 [Test worker] DEBUG o.h.q.s.function.SqmFunctionRegistry - Registering alternate key : char -> chr
2024-12-11 21:22:38 [Test worker] DEBUG o.h.q.s.function.SqmFunctionRegistry - Registered SqmFunctionTemplate [org.hibernate.query.sqm.function.PatternBasedSqmFunctionDescriptor@594131f2] under position; prior registration was org.hibernate.dialect.function.LocatePositionEmulation@3f8dfe74
2024-12-11 21:22:38 [Test worker] DEBUG o.h.q.s.function.SqmFunctionRegistry - Registered SqmFunctionTemplate [org.hibernate.query.sqm.function.PatternBasedSqmFunctionDescriptor@51d0ec6f] under bitand; prior registration was null
2024-12-11 21:22:38 [Test worker] DEBUG o.h.q.s.function.SqmFunctionRegistry - Registered SqmFunctionTemplate [org.hibernate.query.sqm.function.PatternBasedSqmFunctionDescriptor@7bee8621] under bitor; prior registration was null
2024-12-11 21:22:38 [Test worker] DEBUG o.h.q.s.function.SqmFunctionRegistry - Registered SqmFunctionTemplate [org.hibernate.query.sqm.function.PatternBasedSqmFunctionDescriptor@4e0cc334] under bitxor; prior registration was null
2024-12-11 21:22:38 [Test worker] DEBUG o.h.q.s.function.SqmFunctionRegistry - Registered SqmFunctionTemplate [org.hibernate.query.sqm.function.PatternBasedSqmFunctionDescriptor@1e12a5a6] under bitnot; prior registration was null
2024-12-11 21:22:38 [Test worker] DEBUG o.h.q.s.function.SqmFunctionRegistry - Registered SqmFunctionTemplate [NamedSqmFunctionTemplate(bit_and)] under bit_and; prior registration was null
2024-12-11 21:22:38 [Test worker] DEBUG o.h.q.s.function.SqmFunctionRegistry - Registered SqmFunctionTemplate [NamedSqmFunctionTemplate(bit_or)] under bit_or; prior registration was null
2024-12-11 21:22:38 [Test worker] DEBUG o.h.q.s.function.SqmFunctionRegistry - Registered SqmFunctionTemplate [NamedSqmFunctionTemplate(bool_and)] under bool_and; prior registration was null
2024-12-11 21:22:38 [Test worker] DEBUG o.h.q.s.function.SqmFunctionRegistry - Registering alternate key : every -> bool_and
2024-12-11 21:22:38 [Test worker] DEBUG o.h.q.s.function.SqmFunctionRegistry - Registered SqmFunctionTemplate [NamedSqmFunctionTemplate(bool_or)] under bool_or; prior registration was null
2024-12-11 21:22:38 [Test worker] DEBUG o.h.q.s.function.SqmFunctionRegistry - Registering alternate key : any -> bool_or
2024-12-11 21:22:38 [Test worker] DEBUG o.h.q.s.function.SqmFunctionRegistry - Registered SqmFunctionTemplate [org.hibernate.query.sqm.function.PatternBasedSqmFunctionDescriptor@4877919f] under median; prior registration was null
2024-12-11 21:22:38 [Test worker] DEBUG o.h.q.s.function.SqmFunctionRegistry - Registered SqmFunctionTemplate [NamedSqmFunctionTemplate(stddev)] under stddev; prior registration was null
2024-12-11 21:22:38 [Test worker] DEBUG o.h.q.s.function.SqmFunctionRegistry - Registered SqmFunctionTemplate [NamedSqmFunctionTemplate(stddev_pop)] under stddev_pop; prior registration was null
2024-12-11 21:22:38 [Test worker] DEBUG o.h.q.s.function.SqmFunctionRegistry - Registered SqmFunctionTemplate [NamedSqmFunctionTemplate(stddev_samp)] under stddev_samp; prior registration was null
2024-12-11 21:22:38 [Test worker] DEBUG o.h.q.s.function.SqmFunctionRegistry - Registered SqmFunctionTemplate [NamedSqmFunctionTemplate(variance)] under variance; prior registration was null
2024-12-11 21:22:38 [Test worker] DEBUG o.h.q.s.function.SqmFunctionRegistry - Registered SqmFunctionTemplate [NamedSqmFunctionTemplate(var_pop)] under var_pop; prior registration was null
2024-12-11 21:22:38 [Test worker] DEBUG o.h.q.s.function.SqmFunctionRegistry - Registered SqmFunctionTemplate [NamedSqmFunctionTemplate(var_samp)] under var_samp; prior registration was null
2024-12-11 21:22:38 [Test worker] DEBUG o.h.q.s.function.SqmFunctionRegistry - Registered SqmFunctionTemplate [NamedSqmFunctionTemplate(covar_pop)] under covar_pop; prior registration was null
2024-12-11 21:22:38 [Test worker] DEBUG o.h.q.s.function.SqmFunctionRegistry - Registered SqmFunctionTemplate [NamedSqmFunctionTemplate(covar_samp)] under covar_samp; prior registration was null
2024-12-11 21:22:38 [Test worker] DEBUG o.h.q.s.function.SqmFunctionRegistry - Registered SqmFunctionTemplate [NamedSqmFunctionTemplate(corr)] under corr; prior registration was null
2024-12-11 21:22:38 [Test worker] DEBUG o.h.q.s.function.SqmFunctionRegistry - Registered SqmFunctionTemplate [NamedSqmFunctionTemplate(regr_avgx)] under regr_avgx; prior registration was null
2024-12-11 21:22:38 [Test worker] DEBUG o.h.q.s.function.SqmFunctionRegistry - Registered SqmFunctionTemplate [NamedSqmFunctionTemplate(regr_avgy)] under regr_avgy; prior registration was null
2024-12-11 21:22:38 [Test worker] DEBUG o.h.q.s.function.SqmFunctionRegistry - Registered SqmFunctionTemplate [NamedSqmFunctionTemplate(regr_count)] under regr_count; prior registration was null
2024-12-11 21:22:38 [Test worker] DEBUG o.h.q.s.function.SqmFunctionRegistry - Registered SqmFunctionTemplate [NamedSqmFunctionTemplate(regr_intercept)] under regr_intercept; prior registration was null
2024-12-11 21:22:38 [Test worker] DEBUG o.h.q.s.function.SqmFunctionRegistry - Registered SqmFunctionTemplate [NamedSqmFunctionTemplate(regr_r2)] under regr_r2; prior registration was null
2024-12-11 21:22:38 [Test worker] DEBUG o.h.q.s.function.SqmFunctionRegistry - Registered SqmFunctionTemplate [NamedSqmFunctionTemplate(regr_slope)] under regr_slope; prior registration was null
2024-12-11 21:22:38 [Test worker] DEBUG o.h.q.s.function.SqmFunctionRegistry - Registered SqmFunctionTemplate [NamedSqmFunctionTemplate(regr_sxx)] under regr_sxx; prior registration was null
2024-12-11 21:22:38 [Test worker] DEBUG o.h.q.s.function.SqmFunctionRegistry - Registered SqmFunctionTemplate [NamedSqmFunctionTemplate(regr_sxy)] under regr_sxy; prior registration was null
2024-12-11 21:22:38 [Test worker] DEBUG o.h.q.s.function.SqmFunctionRegistry - Registered SqmFunctionTemplate [NamedSqmFunctionTemplate(regr_syy)] under regr_syy; prior registration was null
2024-12-11 21:22:38 [Test worker] DEBUG o.h.q.s.function.SqmFunctionRegistry - Registered SqmFunctionTemplate [org.hibernate.query.sqm.function.PatternBasedSqmFunctionDescriptor@6f9ab79d] under insert; prior registration was null
2024-12-11 21:22:38 [Test worker] DEBUG o.h.q.s.function.SqmFunctionRegistry - Registered SqmFunctionTemplate [org.hibernate.query.sqm.function.MultipatternSqmFunctionDescriptor@53aa2fc9] under overlay; prior registration was org.hibernate.dialect.function.InsertSubstringOverlayEmulation@6c977dcf
2024-12-11 21:22:38 [Test worker] DEBUG o.h.q.s.function.SqmFunctionRegistry - Registered SqmFunctionTemplate [NamedSqmFunctionTemplate(soundex)] under soundex; prior registration was null
2024-12-11 21:22:38 [Test worker] DEBUG o.h.q.s.function.SqmFunctionRegistry - Registered SqmFunctionTemplate [org.hibernate.query.sqm.function.MultipatternSqmFunctionDescriptor@4792f119] under locate; prior registration was NamedSqmFunctionTemplate(locate)
2024-12-11 21:22:38 [Test worker] DEBUG o.h.q.s.function.SqmFunctionRegistry - Registered SqmFunctionTemplate [NamedSqmFunctionTemplate(row_number)] under row_number; prior registration was null
2024-12-11 21:22:38 [Test worker] DEBUG o.h.q.s.function.SqmFunctionRegistry - Registered SqmFunctionTemplate [NamedSqmFunctionTemplate(lag)] under lag; prior registration was null
2024-12-11 21:22:38 [Test worker] DEBUG o.h.q.s.function.SqmFunctionRegistry - Registered SqmFunctionTemplate [NamedSqmFunctionTemplate(lead)] under lead; prior registration was null
2024-12-11 21:22:38 [Test worker] DEBUG o.h.q.s.function.SqmFunctionRegistry - Registered SqmFunctionTemplate [NamedSqmFunctionTemplate(first_value)] under first_value; prior registration was null
2024-12-11 21:22:38 [Test worker] DEBUG o.h.q.s.function.SqmFunctionRegistry - Registered SqmFunctionTemplate [NamedSqmFunctionTemplate(last_value)] under last_value; prior registration was null
2024-12-11 21:22:38 [Test worker] DEBUG o.h.q.s.function.SqmFunctionRegistry - Registered SqmFunctionTemplate [NamedSqmFunctionTemplate(nth_value)] under nth_value; prior registration was null
2024-12-11 21:22:38 [Test worker] DEBUG o.h.q.s.function.SqmFunctionRegistry - Registered SqmFunctionTemplate [org.hibernate.dialect.function.ListaggStringAggEmulation@4cc01c7f] under listagg; prior registration was null
2024-12-11 21:22:38 [Test worker] DEBUG o.h.q.s.function.SqmFunctionRegistry - Registered SqmFunctionTemplate [org.hibernate.dialect.function.array.PostgreSQLArrayConstructorFunction@72b0a004] under array; prior registration was null
2024-12-11 21:22:38 [Test worker] DEBUG o.h.q.s.function.SqmFunctionRegistry - Registered SqmFunctionTemplate [org.hibernate.dialect.function.array.PostgreSQLArrayConstructorFunction@4cdba2ed] under array_list; prior registration was null
[...]
2024-12-11 21:22:38 [Test worker] DEBUG org.hibernate.HQL_FUNCTIONS - String overlay(string placing replacement from start[ for length])
2024-12-11 21:22:38 [Test worker] DEBUG org.hibernate.HQL_FUNCTIONS - String pad(STRING string with INTEGER length {leading|trailing}[ STRING character])
2024-12-11 21:22:38 [Test worker] DEBUG org.hibernate.HQL_FUNCTIONS - Double percent_rank([arg0[, ...]])
2024-12-11 21:22:38 [Test worker] DEBUG org.hibernate.HQL_FUNCTIONS - percentile_cont(NUMERIC arg)
2024-12-11 21:22:38 [Test worker] DEBUG org.hibernate.HQL_FUNCTIONS - percentile_disc(NUMERIC arg)
2024-12-11 21:22:38 [Test worker] DEBUG org.hibernate.HQL_FUNCTIONS - Double pi
2024-12-11 21:22:38 [Test worker] DEBUG org.hibernate.HQL_FUNCTIONS - Integer position(STRING pattern in STRING string)
2024-12-11 21:22:38 [Test worker] DEBUG org.hibernate.HQL_FUNCTIONS - Double power(NUMERIC arg0, NUMERIC arg1)
2024-12-11 21:22:38 [Test worker] DEBUG org.hibernate.HQL_FUNCTIONS - Double radians(NUMERIC arg)
2024-12-11 21:22:38 [Test worker] DEBUG org.hibernate.HQL_FUNCTIONS - Long rank([arg0[, ...]])
2024-12-11 21:22:38 [Test worker] DEBUG org.hibernate.HQL_FUNCTIONS - Double regr_avgx(NUMERIC arg0, NUMERIC arg1)
2024-12-11 21:22:38 [Test worker] DEBUG org.hibernate.HQL_FUNCTIONS - Double regr_avgy(NUMERIC arg0, NUMERIC arg1)
2024-12-11 21:22:38 [Test worker] DEBUG org.hibernate.HQL_FUNCTIONS - Double regr_count(NUMERIC arg0, NUMERIC arg1)
2024-12-11 21:22:38 [Test worker] DEBUG org.hibernate.HQL_FUNCTIONS - Double regr_intercept(NUMERIC arg0, NUMERIC arg1)
2024-12-11 21:22:38 [Test worker] DEBUG org.hibernate.HQL_FUNCTIONS - Double regr_r2(NUMERIC arg0, NUMERIC arg1)
2024-12-11 21:22:38 [Test worker] DEBUG org.hibernate.HQL_FUNCTIONS - Double regr_slope(NUMERIC arg0, NUMERIC arg1)
2024-12-11 21:22:38 [Test worker] DEBUG org.hibernate.HQL_FUNCTIONS - Double regr_sxx(NUMERIC arg0, NUMERIC arg1)
2024-12-11 21:22:38 [Test worker] DEBUG org.hibernate.HQL_FUNCTIONS - Double regr_sxy(NUMERIC arg0, NUMERIC arg1)
2024-12-11 21:22:38 [Test worker] DEBUG org.hibernate.HQL_FUNCTIONS - Double regr_syy(NUMERIC arg0, NUMERIC arg1)
2024-12-11 21:22:38 [Test worker] DEBUG org.hibernate.HQL_FUNCTIONS - String repeat(STRING string, INTEGER times)
2024-12-11 21:22:38 [Test worker] DEBUG org.hibernate.HQL_FUNCTIONS - String replace(STRING string, STRING pattern, STRING replacement)
2024-12-11 21:22:38 [Test worker] DEBUG org.hibernate.HQL_FUNCTIONS - String right(STRING string, INTEGER length)
2024-12-11 21:22:38 [Test worker] DEBUG org.hibernate.HQL_FUNCTIONS - round(NUMERIC number[, INTEGER places])
2024-12-11 21:22:38 [Test worker] DEBUG org.hibernate.HQL_FUNCTIONS - Long row_number()
2024-12-11 21:22:38 [Test worker] DEBUG org.hibernate.HQL_FUNCTIONS - String rpad(STRING string, INTEGER length[, STRING padding])
2024-12-11 21:22:38 [Test worker] DEBUG org.hibernate.HQL_FUNCTIONS - String rtrim(STRING string[, STRING characters])
2024-12-11 21:22:38 [Test worker] DEBUG org.hibernate.HQL_FUNCTIONS - Integer sign(NUMERIC arg)
2024-12-11 21:22:38 [Test worker] DEBUG org.hibernate.HQL_FUNCTIONS - Double sin(NUMERIC arg)
2024-12-11 21:22:38 [Test worker] DEBUG org.hibernate.HQL_FUNCTIONS - Double sinh(NUMERIC arg)
2024-12-11 21:22:38 [Test worker] DEBUG org.hibernate.HQL_FUNCTIONS - String soundex(arg)
2024-12-11 21:22:38 [Test worker] DEBUG org.hibernate.HQL_FUNCTIONS - Object sql
2024-12-11 21:22:38 [Test worker] DEBUG org.hibernate.HQL_FUNCTIONS - Double sqrt(NUMERIC arg)
2024-12-11 21:22:38 [Test worker] DEBUG org.hibernate.HQL_FUNCTIONS - Double stddev(NUMERIC arg)
2024-12-11 21:22:38 [Test worker] DEBUG org.hibernate.HQL_FUNCTIONS - Double stddev_pop(NUMERIC arg)
2024-12-11 21:22:38 [Test worker] DEBUG org.hibernate.HQL_FUNCTIONS - Double stddev_samp(NUMERIC arg)
2024-12-11 21:22:38 [Test worker] DEBUG org.hibernate.HQL_FUNCTIONS - String str(arg)
2024-12-11 21:22:38 [Test worker] DEBUG org.hibernate.HQL_FUNCTIONS - String substr(STRING string, INTEGER start[, INTEGER length])
2024-12-11 21:22:38 [Test worker] DEBUG org.hibernate.HQL_FUNCTIONS - String substring(STRING string{ from|,} INTEGER start[{ for|,} INTEGER length])
2024-12-11 21:22:38 [Test worker] DEBUG org.hibernate.HQL_FUNCTIONS - sum(arg)
2024-12-11 21:22:38 [Test worker] DEBUG org.hibernate.HQL_FUNCTIONS - Double tan(NUMERIC arg)
2024-12-11 21:22:38 [Test worker] DEBUG org.hibernate.HQL_FUNCTIONS - Double tanh(NUMERIC arg)
2024-12-11 21:22:38 [Test worker] DEBUG org.hibernate.HQL_FUNCTIONS - timestampadd(TEMPORAL_UNIT field, INTEGER magnitude, TEMPORAL datetime)
2024-12-11 21:22:38 [Test worker] DEBUG org.hibernate.HQL_FUNCTIONS - Long|Double timestampdiff(TEMPORAL_UNIT field, TEMPORAL start, TEMPORAL end)
2024-12-11 21:22:38 [Test worker] DEBUG org.hibernate.HQL_FUNCTIONS - String to_char(ANY arg0[, STRING arg1, STRING arg2])
2024-12-11 21:22:38 [Test worker] DEBUG org.hibernate.HQL_FUNCTIONS - Date to_date(STRING arg0[, STRING arg1, STRING arg2])
2024-12-11 21:22:38 [Test worker] DEBUG org.hibernate.HQL_FUNCTIONS - Double to_number(STRING arg0[, STRING arg1, STRING arg2])
2024-12-11 21:22:38 [Test worker] DEBUG org.hibernate.HQL_FUNCTIONS - Timestamp to_timestamp(STRING arg0[, STRING arg1, STRING arg2])
2024-12-11 21:22:38 [Test worker] DEBUG org.hibernate.HQL_FUNCTIONS - String translate(STRING arg0, STRING arg1, STRING arg2)
2024-12-11 21:22:38 [Test worker] DEBUG org.hibernate.HQL_FUNCTIONS - String trim([[{leading|trailing|both} ][STRING arg0 ]from] STRING arg1)
2024-12-11 21:22:38 [Test worker] DEBUG org.hibernate.HQL_FUNCTIONS - trunc( ... )
2024-12-11 21:22:38 [Test worker] DEBUG org.hibernate.HQL_FUNCTIONS - truncate( ... )
2024-12-11 21:22:38 [Test worker] DEBUG org.hibernate.HQL_FUNCTIONS - String upper(STRING string)
2024-12-11 21:22:38 [Test worker] DEBUG org.hibernate.HQL_FUNCTIONS - Double var_pop(NUMERIC arg)
2024-12-11 21:22:38 [Test worker] DEBUG org.hibernate.HQL_FUNCTIONS - Double var_samp(NUMERIC arg)
2024-12-11 21:22:38 [Test worker] DEBUG org.hibernate.HQL_FUNCTIONS - Double variance(NUMERIC arg)
2024-12-11 21:22:38 [Test worker] DEBUG org.hibernate.orm.query.plan.cache - Starting QueryInterpretationCache(2048)
2024-12-11 21:22:38 [Test worker] DEBUG o.h.s.i.SessionFactoryServiceRegistryImpl - EventListenerRegistry access via ServiceRegistry is deprecated.  Use `sessionFactory.getEventEngine().getListenerRegistry()` instead
2024-12-11 21:22:38 [Test worker] DEBUG o.h.e.i.EntityCopyObserverFactoryInitiator - Configured EntityCopyObserver strategy: disallow
2024-12-11 21:22:38 [Test worker] DEBUG o.h.b.internal.ClassLoaderAccessImpl - Not known whether passed class name [org.GleBlassUSA.models.Point] is safe
2024-12-11 21:22:38 [Test worker] DEBUG o.h.b.internal.ClassLoaderAccessImpl - No temp ClassLoader provided; using live ClassLoader for loading potentially unsafe class : org.GleBlassUSA.models.Point
2024-12-11 21:22:38 [Test worker] DEBUG o.h.b.i.b.BytecodeProviderImpl - HHH000513: Unable to create the ReflectionOptimizer for [org.GleBlassUSA.models.Point]: private accessor [hit]
2024-12-11 21:22:38 [Test worker] DEBUG o.h.orm.model.mapping.creation - Starting post-init callbacks
2024-12-11 21:22:38 [Test worker] DEBUG o.h.orm.model.mapping.creation - Starting PostInitCallbackEntry : Entity(org.GleBlassUSA.models.Point) `staticFetchableList` generator
2024-12-11 21:22:39 [Test worker] DEBUG org.hibernate.orm.sql.ast.create - Created new SQL alias : p1_0
2024-12-11 21:22:39 [Test worker] DEBUG org.hibernate.orm.sql.ast.create - Registration of TableGroup [StandardTableGroup(org.GleBlassUSA.models.Point)] with identifierForTableGroup [org.GleBlassUSA.models.Point] for NavigablePath [org.GleBlassUSA.models.Point] 
2024-12-11 21:22:39 [Test worker] DEBUG org.hibernate.orm.results.graph.AST - DomainResult Graph:
 \-EntityResultImpl [org.GleBlassUSA.models.Point]
 |  +-BasicFetch [org.GleBlassUSA.models.Point.hit]
 |  +-BasicFetch [org.GleBlassUSA.models.Point.hitTime]
 |  +-BasicFetch [org.GleBlassUSA.models.Point.r]
 |  +-BasicFetch [org.GleBlassUSA.models.Point.x]
 |  \-BasicFetch [org.GleBlassUSA.models.Point.y]

2024-12-11 21:22:39 [Test worker] DEBUG org.hibernate.orm.sql.ast.tree - SQL AST Tree:
    SelectStatement {
      FromClause {
        StandardTableGroup (p1 : org.GleBlassUSA.models.Point) {
          primaryTableReference : Point as p1_0
        }
      }
    }

2024-12-11 21:22:39 [Test worker] DEBUG o.h.p.entity.AbstractEntityPersister - Static SQL for entity: org.GleBlassUSA.models.Point
2024-12-11 21:22:39 [Test worker] DEBUG o.h.p.entity.AbstractEntityPersister -  Version select: select id from Point where id=?
2024-12-11 21:22:39 [Test worker] DEBUG o.h.p.entity.AbstractEntityPersister -  Insert (0): insert into Point (hit,hit_time,r,x,y) values (?,?,?,?,?) returning id
2024-12-11 21:22:39 [Test worker] DEBUG o.h.p.entity.AbstractEntityPersister -  Update (0): update Point set hit=?,hit_time=?,r=?,x=?,y=? where id=?
2024-12-11 21:22:39 [Test worker] DEBUG o.h.p.entity.AbstractEntityPersister -  Delete (0): delete from Point where id=?
2024-12-11 21:22:39 [Test worker] DEBUG o.h.e.t.j.p.i.JtaPlatformInitiator - No JtaPlatform was specified, checking resolver
2024-12-11 21:22:39 [Test worker] DEBUG o.h.e.t.j.p.i.JtaPlatformResolverInitiator - No JtaPlatformResolver was specified, using default [org.hibernate.engine.transaction.jta.platform.internal.StandardJtaPlatformResolver]
2024-12-11 21:22:39 [Test worker] DEBUG o.h.e.t.j.p.i.StandardJtaPlatformResolver - Could not resolve JtaPlatform, using default [org.hibernate.engine.transaction.jta.platform.internal.NoJtaPlatform]
2024-12-11 21:22:39 [Test worker] INFO  o.h.e.t.j.p.i.JtaPlatformInitiator - HHH000489: No JTA platform available (set 'hibernate.transaction.jta.platform' to enable JTA platform integration)
2024-12-11 21:22:39 [Test worker] DEBUG o.h.type.spi.TypeConfiguration$Scope - Scoping TypeConfiguration [org.hibernate.type.spi.TypeConfiguration@10fda3d0] to SessionFactoryImplementor [org.hibernate.internal.SessionFactoryImpl@67e6eb52]
2024-12-11 21:22:39 [Test worker] DEBUG o.h.q.named.NamedObjectRepository - Checking 0 named HQL queries
2024-12-11 21:22:39 [Test worker] DEBUG o.h.q.named.NamedObjectRepository - Checking 0 named SQL queries
2024-12-11 21:22:39 [Test worker] INFO  o.hibernate.orm.connections.access - HHH10001501: Connection obtained from JdbcConnectionAccess [org.hibernate.engine.jdbc.env.internal.JdbcEnvironmentInitiator$ConnectionProviderJdbcConnectionAccess@69f9b561] for (non-JTA) DDL execution was not in auto-commit mode; the Connection 'local transaction' will be committed and the Connection will be set into auto-commit mode.
2024-12-11 21:22:39 [Test worker] DEBUG org.hibernate.mapping.Table - No alter strings for table : Point
2024-12-11 21:22:39 [Test worker] DEBUG o.h.internal.SessionFactoryRegistry - Initializing SessionFactoryRegistry : org.hibernate.internal.SessionFactoryRegistry@249b54af
2024-12-11 21:22:39 [Test worker] DEBUG o.h.internal.SessionFactoryRegistry - Registering SessionFactory: fe09e731-a64e-4d04-a52f-f0a16d0e6040 (<unnamed>)
2024-12-11 21:22:39 [Test worker] DEBUG o.h.internal.SessionFactoryRegistry - Not binding SessionFactory to JNDI, no JNDI name configured
2024-12-11 21:22:39 [Test worker] DEBUG o.h.internal.SessionFactoryImpl - Instantiated SessionFactory
2024-12-11 21:22:39 [Test worker] DEBUG o.h.s.internal.StatisticsInitiator - Statistics initialized [enabled=false]
2024-12-11 21:22:39 [Test worker] DEBUG o.h.e.t.internal.TransactionImpl - On TransactionImpl creation, JpaCompliance#isJpaTransactionComplianceEnabled == false
2024-12-11 21:22:39 [Test worker] DEBUG o.h.e.t.internal.TransactionImpl - begin
2024-12-11 21:22:39 [Test worker] DEBUG o.hibernate.engine.spi.ActionQueue - Executing identity-insert immediately
2024-12-11 21:22:39 [Test worker] DEBUG org.hibernate.SQL - 
    insert 
    into
        Point
        (hit, hit_time, r, x, y) 
    values
        (?, ?, ?, ?, ?) 
    returning id
Hibernate: 
    insert 
    into
        Point
        (hit, hit_time, r, x, y) 
    values
        (?, ?, ?, ?, ?) 
    returning id
2024-12-11 21:22:39 [Test worker] DEBUG org.hibernate.orm.results - Initializer list is empty
2024-12-11 21:22:39 [Test worker] DEBUG o.h.id.IdentifierGeneratorHelper - Extracted generated values [org.GleBlassUSA.models.Point]: [Ljava.lang.Object;@16a09809
2024-12-11 21:22:39 [Test worker] DEBUG o.h.e.t.internal.TransactionImpl - committing
2024-12-11 21:22:39 [Test worker] DEBUG o.h.e.i.AbstractFlushingEventListener - Processing flush-time cascades
2024-12-11 21:22:39 [Test worker] DEBUG o.h.e.i.AbstractFlushingEventListener - Dirty checking collections
2024-12-11 21:22:39 [Test worker] DEBUG o.h.e.i.AbstractFlushingEventListener - Flushed: 0 insertions, 0 updates, 0 deletions to 1 objects
2024-12-11 21:22:39 [Test worker] DEBUG o.h.e.i.AbstractFlushingEventListener - Flushed: 0 (re)creations, 0 updates, 0 removals to 0 collections
2024-12-11 21:22:39 [Test worker] DEBUG o.h.internal.util.EntityPrinter - Listing entities:
2024-12-11 21:22:39 [Test worker] DEBUG o.h.internal.util.EntityPrinter - org.GleBlassUSA.models.Point{hit=false, r=1.0, x=1.0, y=1.0, id=320, hitTime=Wed Dec 11 21:22:39 MSK 2024}
2024-12-11 21:22:39 [Test worker] DEBUG o.h.r.j.i.LogicalConnectionManagedImpl - Initiating JDBC connection release from afterTransaction
2024-12-11 21:22:39 [Test worker] DEBUG o.h.r.j.i.LogicalConnectionManagedImpl - Initiating JDBC connection release from afterTransaction
2024-12-11 21:22:39 [Test worker] DEBUG o.h.e.t.internal.TransactionImpl - On TransactionImpl creation, JpaCompliance#isJpaTransactionComplianceEnabled == false
2024-12-11 21:22:39 [Test worker] DEBUG o.h.e.t.internal.TransactionImpl - begin
2024-12-11 21:22:39 [Test worker] DEBUG o.hibernate.engine.spi.ActionQueue - Executing identity-insert immediately
2024-12-11 21:22:39 [Test worker] DEBUG org.hibernate.SQL - 
    insert 
    into
        Point
        (hit, hit_time, r, x, y) 
    values
        (?, ?, ?, ?, ?) 
    returning id
Hibernate: 
    insert 
    into
        Point
        (hit, hit_time, r, x, y) 
    values
        (?, ?, ?, ?, ?) 
    returning id
2024-12-11 21:22:39 [Test worker] DEBUG org.hibernate.orm.results - Initializer list is empty
2024-12-11 21:22:39 [Test worker] DEBUG o.h.id.IdentifierGeneratorHelper - Extracted generated values [org.GleBlassUSA.models.Point]: [Ljava.lang.Object;@b86cb18
2024-12-11 21:22:39 [Test worker] DEBUG o.h.e.t.internal.TransactionImpl - committing
2024-12-11 21:22:39 [Test worker] DEBUG o.h.e.i.AbstractFlushingEventListener - Processing flush-time cascades
2024-12-11 21:22:39 [Test worker] DEBUG o.h.e.i.AbstractFlushingEventListener - Dirty checking collections
2024-12-11 21:22:39 [Test worker] DEBUG o.h.e.i.AbstractFlushingEventListener - Flushed: 0 insertions, 0 updates, 0 deletions to 1 objects
2024-12-11 21:22:39 [Test worker] DEBUG o.h.e.i.AbstractFlushingEventListener - Flushed: 0 (re)creations, 0 updates, 0 removals to 0 collections
2024-12-11 21:22:39 [Test worker] DEBUG o.h.internal.util.EntityPrinter - Listing entities:
2024-12-11 21:22:39 [Test worker] DEBUG o.h.internal.util.EntityPrinter - org.GleBlassUSA.models.Point{hit=false, r=1.0, x=1.0, y=1.0, id=321, hitTime=Wed Dec 11 21:22:39 MSK 2024}
2024-12-11 21:22:39 [Test worker] DEBUG o.h.r.j.i.LogicalConnectionManagedImpl - Initiating JDBC connection release from afterTransaction
2024-12-11 21:22:39 [Test worker] DEBUG o.h.r.j.i.LogicalConnectionManagedImpl - Initiating JDBC connection release from afterTransaction
2024-12-11 21:22:39 [Test worker] DEBUG o.h.e.t.internal.TransactionImpl - On TransactionImpl creation, JpaCompliance#isJpaTransactionComplianceEnabled == false
2024-12-11 21:22:39 [Test worker] DEBUG o.h.e.t.internal.TransactionImpl - begin
2024-12-11 21:22:39 [Test worker] DEBUG o.hibernate.engine.spi.ActionQueue - Executing identity-insert immediately
2024-12-11 21:22:39 [Test worker] DEBUG org.hibernate.SQL - 
    insert 
    into
        Point
        (hit, hit_time, r, x, y) 
    values
        (?, ?, ?, ?, ?) 
    returning id
Hibernate: 
    insert 
    into
        Point
        (hit, hit_time, r, x, y) 
    values
        (?, ?, ?, ?, ?) 
    returning id
2024-12-11 21:22:39 [Test worker] DEBUG org.hibernate.orm.results - Initializer list is empty
2024-12-11 21:22:39 [Test worker] DEBUG o.h.id.IdentifierGeneratorHelper - Extracted generated values [org.GleBlassUSA.models.Point]: [Ljava.lang.Object;@4404a6b
2024-12-11 21:22:39 [Test worker] DEBUG o.h.e.t.internal.TransactionImpl - committing
2024-12-11 21:22:39 [Test worker] DEBUG o.h.e.i.AbstractFlushingEventListener - Processing flush-time cascades
2024-12-11 21:22:39 [Test worker] DEBUG o.h.e.i.AbstractFlushingEventListener - Dirty checking collections
2024-12-11 21:22:39 [Test worker] DEBUG o.h.e.i.AbstractFlushingEventListener - Flushed: 0 insertions, 0 updates, 0 deletions to 1 objects
2024-12-11 21:22:39 [Test worker] DEBUG o.h.e.i.AbstractFlushingEventListener - Flushed: 0 (re)creations, 0 updates, 0 removals to 0 collections
2024-12-11 21:22:39 [Test worker] DEBUG o.h.internal.util.EntityPrinter - Listing entities:
2024-12-11 21:22:39 [Test worker] DEBUG o.h.internal.util.EntityPrinter - org.GleBlassUSA.models.Point{hit=false, r=1.0, x=1.0, y=1.0, id=322, hitTime=Wed Dec 11 21:22:39 MSK 2024}
2024-12-11 21:22:39 [Test worker] DEBUG o.h.r.j.i.LogicalConnectionManagedImpl - Initiating JDBC connection release from afterTransaction
2024-12-11 21:22:39 [Test worker] DEBUG o.h.r.j.i.LogicalConnectionManagedImpl - Initiating JDBC connection release from afterTransaction
2024-12-11 21:22:39 [Test worker] DEBUG o.h.e.t.internal.TransactionImpl - On TransactionImpl creation, JpaCompliance#isJpaTransactionComplianceEnabled == false
2024-12-11 21:22:39 [Test worker] DEBUG o.h.e.t.internal.TransactionImpl - begin
2024-12-11 21:22:39 [Test worker] DEBUG org.hibernate.orm.query.hql - HQL : delete from Point p
2024-12-11 21:22:39 [Test worker] DEBUG org.hibernate.orm.query.sqm.ast - SqmStatement Tree :
    -> [delete]
      [target = org.GleBlassUSA.models.Point(p)]
    <- [delete]

2024-12-11 21:22:39 [Test worker] DEBUG org.hibernate.orm.sql.ast.create - Created new SQL alias : p1_0
2024-12-11 21:22:39 [Test worker] DEBUG org.hibernate.orm.sql.ast.create - Registration of TableGroup [StandardTableGroup(org.GleBlassUSA.models.Point(p))] with identifierForTableGroup [org.GleBlassUSA.models.Point] for NavigablePath [org.GleBlassUSA.models.Point] 
2024-12-11 21:22:39 [Test worker] DEBUG org.hibernate.SQL - 
    delete 
    from
        Point p1_0
Hibernate: 
    delete 
    from
        Point p1_0
2024-12-11 21:22:39 [Test worker] DEBUG o.h.e.t.internal.TransactionImpl - committing
2024-12-11 21:22:39 [Test worker] DEBUG o.h.r.j.i.LogicalConnectionManagedImpl - Initiating JDBC connection release from afterTransaction
2024-12-11 21:22:39 [Test worker] DEBUG o.h.r.j.i.LogicalConnectionManagedImpl - Initiating JDBC connection release from afterTransaction
2024-12-11 21:22:39 [Test worker] DEBUG o.h.internal.SessionFactoryImpl - HHH000031: Closing
2024-12-11 21:22:39 [Test worker] DEBUG o.h.type.spi.TypeConfiguration$Scope - Un-scoping TypeConfiguration [org.hibernate.type.spi.TypeConfiguration$Scope@14b5325f] from SessionFactory [org.hibernate.internal.SessionFactoryImpl@67e6eb52]
2024-12-11 21:22:39 [Test worker] DEBUG o.h.s.i.AbstractServiceRegistryImpl - Implicitly destroying ServiceRegistry on de-registration of all child ServiceRegistries
2024-12-11 21:22:39 [Test worker] DEBUG o.hibernate.orm.connections.pooling - HHH10001008: Cleaning up connection pool [jdbc:postgresql://localhost:5432/web]
2024-12-11 21:22:39 [Test worker] DEBUG o.h.b.r.i.BootstrapServiceRegistryImpl - Implicitly destroying Boot-strap registry on de-registration of all child ServiceRegistries
]]></system-out>
  <system-err><![CDATA[]]></system-err>
</testsuite>
